{"total": {"lines":{"total":926,"covered":0,"skipped":0,"pct":0},"statements":{"total":965,"covered":0,"skipped":0,"pct":0},"functions":{"total":184,"covered":0,"skipped":0,"pct":0},"branches":{"total":571,"covered":0,"skipped":0,"pct":0},"branchesTrue":{"total":0,"covered":0,"skipped":0,"pct":100}}
,"C:\\GitHub\\Svg-Mcp-Server\\src\\core\\SvgDocumentProcessor.ts": {"lines":{"total":42,"covered":0,"skipped":0,"pct":0},"functions":{"total":11,"covered":0,"skipped":0,"pct":0},"statements":{"total":46,"covered":0,"skipped":0,"pct":0},"branches":{"total":38,"covered":0,"skipped":0,"pct":0}}
,"C:\\GitHub\\Svg-Mcp-Server\\src\\core\\SvgRenderer.ts": {"lines":{"total":106,"covered":0,"skipped":0,"pct":0},"functions":{"total":20,"covered":0,"skipped":0,"pct":0},"statements":{"total":108,"covered":0,"skipped":0,"pct":0},"branches":{"total":48,"covered":0,"skipped":0,"pct":0}}
,"C:\\GitHub\\Svg-Mcp-Server\\src\\core\\shapes\\BasicShapeGenerator.ts": {"lines":{"total":67,"covered":0,"skipped":0,"pct":0},"functions":{"total":21,"covered":0,"skipped":0,"pct":0},"statements":{"total":71,"covered":0,"skipped":0,"pct":0},"branches":{"total":111,"covered":0,"skipped":0,"pct":0}}
,"C:\\GitHub\\Svg-Mcp-Server\\src\\core\\shapes\\ShapeCollections.ts": {"lines":{"total":28,"covered":0,"skipped":0,"pct":0},"functions":{"total":9,"covered":0,"skipped":0,"pct":0},"statements":{"total":30,"covered":0,"skipped":0,"pct":0},"branches":{"total":9,"covered":0,"skipped":0,"pct":0}}
,"C:\\GitHub\\Svg-Mcp-Server\\src\\core\\validation\\DocumentValidator.ts": {"lines":{"total":166,"covered":0,"skipped":0,"pct":0},"functions":{"total":27,"covered":0,"skipped":0,"pct":0},"statements":{"total":172,"covered":0,"skipped":0,"pct":0},"branches":{"total":82,"covered":0,"skipped":0,"pct":0}}
,"C:\\GitHub\\Svg-Mcp-Server\\src\\core\\validation\\ElementValidators.ts": {"lines":{"total":223,"covered":0,"skipped":0,"pct":0},"functions":{"total":46,"covered":0,"skipped":0,"pct":0},"statements":{"total":233,"covered":0,"skipped":0,"pct":0},"branches":{"total":142,"covered":0,"skipped":0,"pct":0}}
,"C:\\GitHub\\Svg-Mcp-Server\\src\\core\\validation\\ValidationFactory.ts": {"lines":{"total":112,"covered":0,"skipped":0,"pct":0},"functions":{"total":24,"covered":0,"skipped":0,"pct":0},"statements":{"total":123,"covered":0,"skipped":0,"pct":0},"branches":{"total":47,"covered":0,"skipped":0,"pct":0}}
,"C:\\GitHub\\Svg-Mcp-Server\\src\\server\\SvgMcpServer.ts": {"lines":{"total":155,"covered":0,"skipped":0,"pct":0},"functions":{"total":16,"covered":0,"skipped":0,"pct":0},"statements":{"total":155,"covered":0,"skipped":0,"pct":0},"branches":{"total":85,"covered":0,"skipped":0,"pct":0}}
,"C:\\GitHub\\Svg-Mcp-Server\\src\\utils\\logger.ts": {"lines":{"total":27,"covered":0,"skipped":0,"pct":0},"functions":{"total":10,"covered":0,"skipped":0,"pct":0},"statements":{"total":27,"covered":0,"skipped":0,"pct":0},"branches":{"total":9,"covered":0,"skipped":0,"pct":0}}
}
