{"total": {"lines":{"total":371,"covered":0,"skipped":0,"pct":0},"statements":{"total":379,"covered":0,"skipped":0,"pct":0},"functions":{"total":78,"covered":0,"skipped":0,"pct":0},"branches":{"total":258,"covered":0,"skipped":0,"pct":0},"branchesTrue":{"total":0,"covered":0,"skipped":0,"pct":100}}
,"C:\\GitHub\\Svg-Mcp-Server\\src\\core\\SvgDocumentProcessor.ts": {"lines":{"total":27,"covered":0,"skipped":0,"pct":0},"functions":{"total":5,"covered":0,"skipped":0,"pct":0},"statements":{"total":27,"covered":0,"skipped":0,"pct":0},"branches":{"total":16,"covered":0,"skipped":0,"pct":0}}
,"C:\\GitHub\\Svg-Mcp-Server\\src\\core\\SvgRenderer.ts": {"lines":{"total":106,"covered":0,"skipped":0,"pct":0},"functions":{"total":20,"covered":0,"skipped":0,"pct":0},"statements":{"total":108,"covered":0,"skipped":0,"pct":0},"branches":{"total":48,"covered":0,"skipped":0,"pct":0}}
,"C:\\GitHub\\Svg-Mcp-Server\\src\\core\\shapes\\BasicShapeGenerator.ts": {"lines":{"total":67,"covered":0,"skipped":0,"pct":0},"functions":{"total":21,"covered":0,"skipped":0,"pct":0},"statements":{"total":71,"covered":0,"skipped":0,"pct":0},"branches":{"total":111,"covered":0,"skipped":0,"pct":0}}
,"C:\\GitHub\\Svg-Mcp-Server\\src\\core\\shapes\\ShapeCollections.ts": {"lines":{"total":28,"covered":0,"skipped":0,"pct":0},"functions":{"total":9,"covered":0,"skipped":0,"pct":0},"statements":{"total":30,"covered":0,"skipped":0,"pct":0},"branches":{"total":9,"covered":0,"skipped":0,"pct":0}}
,"C:\\GitHub\\Svg-Mcp-Server\\src\\server\\SvgMcpServer.ts": {"lines":{"total":116,"covered":0,"skipped":0,"pct":0},"functions":{"total":13,"covered":0,"skipped":0,"pct":0},"statements":{"total":116,"covered":0,"skipped":0,"pct":0},"branches":{"total":65,"covered":0,"skipped":0,"pct":0}}
,"C:\\GitHub\\Svg-Mcp-Server\\src\\utils\\logger.ts": {"lines":{"total":27,"covered":0,"skipped":0,"pct":0},"functions":{"total":10,"covered":0,"skipped":0,"pct":0},"statements":{"total":27,"covered":0,"skipped":0,"pct":0},"branches":{"total":9,"covered":0,"skipped":0,"pct":0}}
}
