TN:
SF:src\core\SvgDocumentProcessor.ts
FN:72,(anonymous_0)
FN:76,(anonymous_1)
FN:99,(anonymous_2)
FN:134,(anonymous_3)
FN:167,(anonymous_4)
FN:176,(anonymous_5)
FN:177,(anonymous_6)
FN:182,(anonymous_7)
FN:183,(anonymous_8)
FN:206,(anonymous_9)
FN:219,(anonymous_10)
FN:233,(anonymous_11)
FN:245,(anonymous_12)
FN:277,(anonymous_13)
FN:292,(anonymous_14)
FNF:15
FNH:0
FNDA:0,(anonymous_0)
FNDA:0,(anonymous_1)
FNDA:0,(anonymous_2)
FNDA:0,(anonymous_3)
FNDA:0,(anonymous_4)
FNDA:0,(anonymous_5)
FNDA:0,(anonymous_6)
FNDA:0,(anonymous_7)
FNDA:0,(anonymous_8)
FNDA:0,(anonymous_9)
FNDA:0,(anonymous_10)
FNDA:0,(anonymous_11)
FNDA:0,(anonymous_12)
FNDA:0,(anonymous_13)
FNDA:0,(anonymous_14)
DA:73,0
DA:77,0
DA:78,0
DA:79,0
DA:81,0
DA:82,0
DA:95,0
DA:96,0
DA:97,0
DA:98,0
DA:99,0
DA:103,0
DA:104,0
DA:108,0
DA:109,0
DA:110,0
DA:111,0
DA:114,0
DA:115,0
DA:116,0
DA:117,0
DA:118,0
DA:120,0
DA:121,0
DA:125,0
DA:129,0
DA:130,0
DA:132,0
DA:134,0
DA:148,0
DA:150,0
DA:162,0
DA:163,0
DA:173,0
DA:174,0
DA:176,0
DA:177,0
DA:180,0
DA:181,0
DA:182,0
DA:183,0
DA:187,0
DA:194,0
DA:195,0
DA:210,0
DA:212,0
DA:213,0
DA:224,0
DA:226,0
DA:227,0
DA:237,0
DA:241,0
DA:242,0
DA:246,0
DA:248,0
DA:254,0
DA:255,0
DA:257,0
DA:272,0
DA:275,0
DA:277,0
DA:298,0
LF:62
LH:0
BRDA:85,0,0,0
BRDA:85,0,1,0
BRDA:86,1,0,0
BRDA:86,1,1,0
BRDA:87,2,0,0
BRDA:87,2,1,0
BRDA:88,3,0,0
BRDA:88,3,1,0
BRDA:95,4,0,0
BRDA:95,5,0,0
BRDA:95,5,1,0
BRDA:103,6,0,0
BRDA:104,7,0,0
BRDA:104,7,1,0
BRDA:114,8,0,0
BRDA:115,9,0,0
BRDA:115,9,1,0
BRDA:120,10,0,0
BRDA:129,11,0,0
BRDA:129,11,1,0
BRDA:133,12,0,0
BRDA:133,12,1,0
BRDA:133,13,0,0
BRDA:133,13,1,0
BRDA:143,14,0,0
BRDA:143,14,1,0
BRDA:143,15,0,0
BRDA:143,15,1,0
BRDA:157,16,0,0
BRDA:157,16,1,0
BRDA:158,17,0,0
BRDA:158,17,1,0
BRDA:167,18,0,0
BRDA:176,19,0,0
BRDA:176,19,1,0
BRDA:177,20,0,0
BRDA:177,20,1,0
BRDA:180,21,0,0
BRDA:212,22,0,0
BRDA:212,22,1,0
BRDA:258,23,0,0
BRDA:258,23,1,0
BRDA:259,24,0,0
BRDA:259,24,1,0
BRDA:261,25,0,0
BRDA:261,25,1,0
BRDA:262,26,0,0
BRDA:262,26,1,0
BRDA:264,27,0,0
BRDA:264,27,1,0
BRDA:268,28,0,0
BRDA:268,28,1,0
BRDA:268,29,0,0
BRDA:268,29,1,0
BRDA:276,30,0,0
BRDA:276,30,1,0
BRDA:276,31,0,0
BRDA:276,31,1,0
BRDA:286,32,0,0
BRDA:286,32,1,0
BRDA:286,33,0,0
BRDA:286,33,1,0
BRF:62
BRH:0
end_of_record
TN:
SF:src\core\SvgRenderer.ts
FN:27,(anonymous_0)
FN:31,(anonymous_1)
FN:43,(anonymous_2)
FN:76,(anonymous_3)
FN:102,(anonymous_4)
FN:114,(anonymous_5)
FN:123,(anonymous_6)
FN:150,(anonymous_7)
FN:156,(anonymous_8)
FN:166,(anonymous_9)
FN:172,(anonymous_10)
FN:178,(anonymous_11)
FN:185,(anonymous_12)
FN:193,(anonymous_13)
FN:201,(anonymous_14)
FN:235,(anonymous_15)
FN:238,(anonymous_16)
FN:249,(anonymous_17)
FN:271,(anonymous_18)
FN:280,(anonymous_19)
FNF:20
FNH:0
FNDA:0,(anonymous_0)
FNDA:0,(anonymous_1)
FNDA:0,(anonymous_2)
FNDA:0,(anonymous_3)
FNDA:0,(anonymous_4)
FNDA:0,(anonymous_5)
FNDA:0,(anonymous_6)
FNDA:0,(anonymous_7)
FNDA:0,(anonymous_8)
FNDA:0,(anonymous_9)
FNDA:0,(anonymous_10)
FNDA:0,(anonymous_11)
FNDA:0,(anonymous_12)
FNDA:0,(anonymous_13)
FNDA:0,(anonymous_14)
FNDA:0,(anonymous_15)
FNDA:0,(anonymous_16)
FNDA:0,(anonymous_17)
FNDA:0,(anonymous_18)
FNDA:0,(anonymous_19)
DA:18,0
DA:28,0
DA:32,0
DA:48,0
DA:50,0
DA:51,0
DA:54,0
DA:57,0
DA:58,0
DA:61,0
DA:66,0
DA:68,0
DA:69,0
DA:77,0
DA:78,0
DA:79,0
DA:82,0
DA:83,0
DA:84,0
DA:85,0
DA:87,0
DA:90,0
DA:91,0
DA:95,0
DA:96,0
DA:100,0
DA:101,0
DA:102,0
DA:103,0
DA:105,0
DA:109,0
DA:110,0
DA:114,0
DA:115,0
DA:118,0
DA:120,0
DA:124,0
DA:125,0
DA:127,0
DA:128,0
DA:130,0
DA:132,0
DA:134,0
DA:136,0
DA:138,0
DA:140,0
DA:142,0
DA:145,0
DA:146,0
DA:151,0
DA:152,0
DA:153,0
DA:157,0
DA:158,0
DA:160,0
DA:161,0
DA:163,0
DA:167,0
DA:168,0
DA:169,0
DA:173,0
DA:174,0
DA:175,0
DA:179,0
DA:180,0
DA:181,0
DA:182,0
DA:186,0
DA:187,0
DA:188,0
DA:189,0
DA:191,0
DA:193,0
DA:194,0
DA:197,0
DA:198,0
DA:202,0
DA:204,0
DA:205,0
DA:208,0
DA:209,0
DA:212,0
DA:213,0
DA:216,0
DA:217,0
DA:220,0
DA:221,0
DA:225,0
DA:226,0
DA:227,0
DA:228,0
DA:232,0
DA:236,0
DA:238,0
DA:239,0
DA:241,0
DA:242,0
DA:246,0
DA:251,0
DA:254,0
DA:257,0
DA:260,0
DA:262,0
DA:268,0
DA:272,0
DA:281,0
LF:106
LH:0
BRDA:43,0,0,0
BRDA:45,1,0,0
BRDA:46,2,0,0
BRDA:47,3,0,0
BRDA:57,4,0,0
BRDA:70,5,0,0
BRDA:70,5,1,0
BRDA:78,6,0,0
BRDA:78,6,1,0
BRDA:79,7,0,0
BRDA:79,7,1,0
BRDA:79,8,0,0
BRDA:79,8,1,0
BRDA:84,9,0,0
BRDA:84,9,1,0
BRDA:85,10,0,0
BRDA:85,10,1,0
BRDA:90,11,0,0
BRDA:95,12,0,0
BRDA:100,13,0,0
BRDA:100,14,0,0
BRDA:100,14,1,0
BRDA:109,15,0,0
BRDA:125,16,0,0
BRDA:125,16,1,0
BRDA:125,17,0,0
BRDA:125,17,1,0
BRDA:128,18,0,0
BRDA:128,18,1,0
BRDA:128,18,2,0
BRDA:128,18,3,0
BRDA:128,18,4,0
BRDA:128,18,5,0
BRDA:128,18,6,0
BRDA:160,19,0,0
BRDA:161,20,0,0
BRDA:188,21,0,0
BRDA:188,21,1,0
BRDA:204,22,0,0
BRDA:208,23,0,0
BRDA:212,24,0,0
BRDA:216,25,0,0
BRDA:220,26,0,0
BRDA:225,27,0,0
BRDA:227,28,0,0
BRDA:239,29,0,0
BRDA:239,30,0,0
BRDA:239,30,1,0
BRF:48
BRH:0
end_of_record
TN:
SF:src\core\optimization\SvgDocumentOptimizer.ts
FN:51,(anonymous_0)
FN:64,(anonymous_1)
FN:155,(anonymous_2)
FN:158,(anonymous_3)
FN:159,(anonymous_4)
FN:183,(anonymous_5)
FN:186,(anonymous_6)
FN:237,(anonymous_7)
FN:241,(anonymous_8)
FN:247,(anonymous_9)
FN:311,(anonymous_10)
FN:312,(anonymous_11)
FN:313,(anonymous_12)
FN:328,(anonymous_13)
FNF:14
FNH:0
FNDA:0,(anonymous_0)
FNDA:0,(anonymous_1)
FNDA:0,(anonymous_2)
FNDA:0,(anonymous_3)
FNDA:0,(anonymous_4)
FNDA:0,(anonymous_5)
FNDA:0,(anonymous_6)
FNDA:0,(anonymous_7)
FNDA:0,(anonymous_8)
FNDA:0,(anonymous_9)
FNDA:0,(anonymous_10)
FNDA:0,(anonymous_11)
FNDA:0,(anonymous_12)
FNDA:0,(anonymous_13)
DA:52,0
DA:65,0
DA:69,0
DA:70,0
DA:72,0
DA:81,0
DA:82,0
DA:84,0
DA:86,0
DA:87,0
DA:88,0
DA:89,0
DA:90,0
DA:100,0
DA:101,0
DA:102,0
DA:103,0
DA:104,0
DA:105,0
DA:114,0
DA:115,0
DA:116,0
DA:117,0
DA:118,0
DA:119,0
DA:128,0
DA:129,0
DA:130,0
DA:132,0
DA:138,0
DA:147,0
DA:148,0
DA:156,0
DA:158,0
DA:159,0
DA:160,0
DA:161,0
DA:162,0
DA:163,0
DA:166,0
DA:167,0
DA:168,0
DA:172,0
DA:176,0
DA:177,0
DA:184,0
DA:186,0
DA:187,0
DA:190,0
DA:191,0
DA:194,0
DA:195,0
DA:196,0
DA:200,0
DA:201,0
DA:202,0
DA:206,0
DA:207,0
DA:208,0
DA:212,0
DA:213,0
DA:215,0
DA:220,0
DA:221,0
DA:222,0
DA:223,0
DA:227,0
DA:230,0
DA:231,0
DA:238,0
DA:239,0
DA:241,0
DA:242,0
DA:243,0
DA:244,0
DA:247,0
DA:248,0
DA:250,0
DA:252,0
DA:253,0
DA:254,0
DA:255,0
DA:256,0
DA:259,0
DA:260,0
DA:261,0
DA:262,0
DA:263,0
DA:264,0
DA:265,0
DA:266,0
DA:269,0
DA:270,0
DA:271,0
DA:272,0
DA:273,0
DA:274,0
DA:277,0
DA:278,0
DA:279,0
DA:280,0
DA:283,0
DA:284,0
DA:285,0
DA:287,0
DA:291,0
DA:294,0
DA:297,0
DA:298,0
DA:305,0
DA:312,0
DA:313,0
DA:314,0
DA:315,0
DA:316,0
DA:318,0
DA:322,0
DA:329,0
DA:330,0
DA:332,0
DA:340,0
DA:348,0
DA:356,0
LF:123
LH:0
BRDA:51,0,0,0
BRDA:53,1,0,0
BRDA:53,1,1,0
BRDA:54,2,0,0
BRDA:54,2,1,0
BRDA:55,3,0,0
BRDA:55,3,1,0
BRDA:56,4,0,0
BRDA:56,4,1,0
BRDA:57,5,0,0
BRDA:57,5,1,0
BRDA:86,6,0,0
BRDA:89,7,0,0
BRDA:100,8,0,0
BRDA:104,9,0,0
BRDA:114,10,0,0
BRDA:118,11,0,0
BRDA:160,12,0,0
BRDA:162,13,0,0
BRDA:166,14,0,0
BRDA:190,15,0,0
BRDA:194,16,0,0
BRDA:200,17,0,0
BRDA:206,18,0,0
BRDA:212,19,0,0
BRDA:212,19,1,0
BRDA:220,20,0,0
BRDA:222,21,0,0
BRDA:243,22,0,0
BRDA:250,23,0,0
BRDA:250,23,1,0
BRDA:250,23,2,0
BRDA:250,23,3,0
BRDA:250,23,4,0
BRDA:253,24,0,0
BRDA:254,25,0,0
BRDA:255,26,0,0
BRDA:260,27,0,0
BRDA:261,28,0,0
BRDA:262,29,0,0
BRDA:263,30,0,0
BRDA:264,31,0,0
BRDA:265,32,0,0
BRDA:270,33,0,0
BRDA:271,34,0,0
BRDA:272,35,0,0
BRDA:273,36,0,0
BRDA:278,37,0,0
BRDA:279,38,0,0
BRDA:284,39,0,0
BRDA:314,40,0,0
BRDA:316,41,0,0
BRDA:316,41,1,0
BRF:53
BRH:0
end_of_record
TN:
SF:src\core\optimization\SvgTransformationEngine.ts
FN:66,(anonymous_0)
FN:136,(anonymous_1)
FN:164,(anonymous_2)
FN:165,(anonymous_3)
FN:167,(anonymous_4)
FN:168,(anonymous_5)
FN:181,(anonymous_6)
FN:182,(anonymous_7)
FN:245,(anonymous_8)
FN:246,(anonymous_9)
FN:296,(anonymous_10)
FN:305,(anonymous_11)
FN:315,(anonymous_12)
FN:380,(anonymous_13)
FN:387,(anonymous_14)
FN:394,(anonymous_15)
FN:397,(anonymous_16)
FN:411,(anonymous_17)
FN:478,(anonymous_18)
FN:493,(anonymous_19)
FN:503,(anonymous_20)
FN:504,(anonymous_21)
FN:505,(anonymous_22)
FN:520,(anonymous_23)
FNF:24
FNH:0
FNDA:0,(anonymous_0)
FNDA:0,(anonymous_1)
FNDA:0,(anonymous_2)
FNDA:0,(anonymous_3)
FNDA:0,(anonymous_4)
FNDA:0,(anonymous_5)
FNDA:0,(anonymous_6)
FNDA:0,(anonymous_7)
FNDA:0,(anonymous_8)
FNDA:0,(anonymous_9)
FNDA:0,(anonymous_10)
FNDA:0,(anonymous_11)
FNDA:0,(anonymous_12)
FNDA:0,(anonymous_13)
FNDA:0,(anonymous_14)
FNDA:0,(anonymous_15)
FNDA:0,(anonymous_16)
FNDA:0,(anonymous_17)
FNDA:0,(anonymous_18)
FNDA:0,(anonymous_19)
FNDA:0,(anonymous_20)
FNDA:0,(anonymous_21)
FNDA:0,(anonymous_22)
FNDA:0,(anonymous_23)
DA:71,0
DA:73,0
DA:74,0
DA:76,0
DA:78,0
DA:79,0
DA:81,0
DA:82,0
DA:84,0
DA:85,0
DA:87,0
DA:88,0
DA:90,0
DA:91,0
DA:93,0
DA:94,0
DA:96,0
DA:99,0
DA:101,0
DA:119,0
DA:125,0
DA:128,0
DA:129,0
DA:140,0
DA:142,0
DA:143,0
DA:144,0
DA:146,0
DA:147,0
DA:148,0
DA:149,0
DA:152,0
DA:153,0
DA:155,0
DA:164,0
DA:165,0
DA:167,0
DA:168,0
DA:182,0
DA:183,0
DA:185,0
DA:187,0
DA:188,0
DA:189,0
DA:190,0
DA:191,0
DA:194,0
DA:195,0
DA:196,0
DA:197,0
DA:198,0
DA:199,0
DA:200,0
DA:201,0
DA:204,0
DA:205,0
DA:206,0
DA:207,0
DA:208,0
DA:209,0
DA:212,0
DA:213,0
DA:214,0
DA:215,0
DA:218,0
DA:219,0
DA:220,0
DA:222,0
DA:226,0
DA:229,0
DA:232,0
DA:239,0
DA:246,0
DA:247,0
DA:249,0
DA:251,0
DA:252,0
DA:253,0
DA:254,0
DA:257,0
DA:258,0
DA:259,0
DA:260,0
DA:263,0
DA:264,0
DA:265,0
DA:266,0
DA:267,0
DA:268,0
DA:271,0
DA:272,0
DA:273,0
DA:274,0
DA:277,0
DA:278,0
DA:279,0
DA:281,0
DA:285,0
DA:288,0
DA:290,0
DA:300,0
DA:301,0
DA:302,0
DA:303,0
DA:305,0
DA:306,0
DA:307,0
DA:309,0
DA:315,0
DA:316,0
DA:318,0
DA:320,0
DA:321,0
DA:322,0
DA:323,0
DA:324,0
DA:326,0
DA:329,0
DA:330,0
DA:331,0
DA:332,0
DA:333,0
DA:335,0
DA:338,0
DA:339,0
DA:340,0
DA:341,0
DA:342,0
DA:344,0
DA:345,0
DA:346,0
DA:347,0
DA:349,0
DA:352,0
DA:353,0
DA:354,0
DA:355,0
DA:356,0
DA:358,0
DA:361,0
DA:362,0
DA:363,0
DA:365,0
DA:369,0
DA:372,0
DA:374,0
DA:381,0
DA:388,0
DA:395,0
DA:397,0
DA:398,0
DA:399,0
DA:401,0
DA:402,0
DA:404,0
DA:405,0
DA:408,0
DA:411,0
DA:412,0
DA:414,0
DA:416,0
DA:417,0
DA:418,0
DA:419,0
DA:420,0
DA:422,0
DA:425,0
DA:426,0
DA:427,0
DA:428,0
DA:429,0
DA:431,0
DA:434,0
DA:435,0
DA:436,0
DA:437,0
DA:438,0
DA:440,0
DA:441,0
DA:442,0
DA:443,0
DA:445,0
DA:448,0
DA:449,0
DA:450,0
DA:451,0
DA:452,0
DA:454,0
DA:457,0
DA:458,0
DA:459,0
DA:461,0
DA:465,0
DA:468,0
DA:470,0
DA:479,0
DA:480,0
DA:494,0
DA:504,0
DA:505,0
DA:506,0
DA:507,0
DA:508,0
DA:510,0
DA:514,0
DA:521,0
DA:523,0
DA:525,0
DA:527,0
DA:529,0
DA:531,0
DA:533,0
LF:212
LH:0
BRDA:79,0,0,0
BRDA:79,0,1,0
BRDA:79,0,2,0
BRDA:79,0,3,0
BRDA:79,0,4,0
BRDA:79,0,5,0
BRDA:114,1,0,0
BRDA:114,1,1,0
BRDA:115,2,0,0
BRDA:115,2,1,0
BRDA:165,3,0,0
BRDA:165,3,1,0
BRDA:169,4,0,0
BRDA:169,4,1,0
BRDA:170,5,0,0
BRDA:170,5,1,0
BRDA:185,6,0,0
BRDA:185,6,1,0
BRDA:185,6,2,0
BRDA:185,6,3,0
BRDA:185,6,4,0
BRDA:188,7,0,0
BRDA:189,8,0,0
BRDA:190,9,0,0
BRDA:195,10,0,0
BRDA:196,11,0,0
BRDA:197,12,0,0
BRDA:198,13,0,0
BRDA:199,14,0,0
BRDA:200,15,0,0
BRDA:205,16,0,0
BRDA:206,17,0,0
BRDA:207,18,0,0
BRDA:208,19,0,0
BRDA:213,20,0,0
BRDA:214,21,0,0
BRDA:219,22,0,0
BRDA:249,23,0,0
BRDA:249,23,1,0
BRDA:249,23,2,0
BRDA:249,23,3,0
BRDA:249,23,4,0
BRDA:252,24,0,0
BRDA:253,25,0,0
BRDA:258,26,0,0
BRDA:259,27,0,0
BRDA:264,28,0,0
BRDA:265,29,0,0
BRDA:266,30,0,0
BRDA:267,31,0,0
BRDA:272,32,0,0
BRDA:273,33,0,0
BRDA:278,34,0,0
BRDA:301,35,0,0
BRDA:301,35,1,0
BRDA:302,36,0,0
BRDA:302,36,1,0
BRDA:318,37,0,0
BRDA:318,37,1,0
BRDA:318,37,2,0
BRDA:318,37,3,0
BRDA:318,37,4,0
BRDA:321,38,0,0
BRDA:321,39,0,0
BRDA:321,39,1,0
BRDA:330,40,0,0
BRDA:330,41,0,0
BRDA:330,41,1,0
BRDA:339,42,0,0
BRDA:339,43,0,0
BRDA:339,43,1,0
BRDA:344,44,0,0
BRDA:344,45,0,0
BRDA:344,45,1,0
BRDA:353,46,0,0
BRDA:353,47,0,0
BRDA:353,47,1,0
BRDA:362,48,0,0
BRDA:401,49,0,0
BRDA:404,50,0,0
BRDA:414,51,0,0
BRDA:414,51,1,0
BRDA:414,51,2,0
BRDA:414,51,3,0
BRDA:414,51,4,0
BRDA:417,52,0,0
BRDA:417,53,0,0
BRDA:417,53,1,0
BRDA:426,54,0,0
BRDA:426,55,0,0
BRDA:426,55,1,0
BRDA:435,56,0,0
BRDA:435,57,0,0
BRDA:435,57,1,0
BRDA:440,58,0,0
BRDA:440,59,0,0
BRDA:440,59,1,0
BRDA:449,60,0,0
BRDA:449,61,0,0
BRDA:449,61,1,0
BRDA:458,62,0,0
BRDA:495,63,0,0
BRDA:495,63,1,0
BRDA:496,64,0,0
BRDA:496,64,1,0
BRDA:506,65,0,0
BRDA:508,66,0,0
BRDA:508,66,1,0
BRDA:521,67,0,0
BRDA:521,67,1,0
BRDA:521,67,2,0
BRDA:521,67,3,0
BRDA:521,67,4,0
BRDA:521,67,5,0
BRF:114
BRH:0
end_of_record
TN:
SF:src\core\shapes\BasicShapeGenerator.ts
FN:86,(anonymous_0)
FN:108,(anonymous_1)
FN:133,(anonymous_2)
FN:151,(anonymous_3)
FN:176,(anonymous_4)
FN:197,(anonymous_5)
FN:221,(anonymous_6)
FN:235,(anonymous_7)
FN:250,(anonymous_8)
FN:264,(anonymous_9)
FN:278,(anonymous_10)
FN:294,(anonymous_11)
FN:314,(anonymous_12)
FN:326,(anonymous_13)
FN:342,(anonymous_14)
FN:370,(anonymous_15)
FN:402,(anonymous_16)
FN:403,(anonymous_17)
FN:426,(anonymous_18)
FN:436,(anonymous_19)
FN:437,(anonymous_20)
FNF:21
FNH:0
FNDA:0,(anonymous_0)
FNDA:0,(anonymous_1)
FNDA:0,(anonymous_2)
FNDA:0,(anonymous_3)
FNDA:0,(anonymous_4)
FNDA:0,(anonymous_5)
FNDA:0,(anonymous_6)
FNDA:0,(anonymous_7)
FNDA:0,(anonymous_8)
FNDA:0,(anonymous_9)
FNDA:0,(anonymous_10)
FNDA:0,(anonymous_11)
FNDA:0,(anonymous_12)
FNDA:0,(anonymous_13)
FNDA:0,(anonymous_14)
FNDA:0,(anonymous_15)
FNDA:0,(anonymous_16)
FNDA:0,(anonymous_17)
FNDA:0,(anonymous_18)
FNDA:0,(anonymous_19)
FNDA:0,(anonymous_20)
DA:87,0
DA:88,0
DA:91,0
DA:109,0
DA:110,0
DA:113,0
DA:134,0
DA:152,0
DA:153,0
DA:156,0
DA:177,0
DA:178,0
DA:181,0
DA:198,0
DA:199,0
DA:202,0
DA:204,0
DA:222,0
DA:236,0
DA:251,0
DA:265,0
DA:279,0
DA:295,0
DA:302,0
DA:315,0
DA:316,0
DA:319,0
DA:320,0
DA:321,0
DA:324,0
DA:326,0
DA:330,0
DA:349,0
DA:350,0
DA:353,0
DA:354,0
DA:356,0
DA:357,0
DA:358,0
DA:364,0
DA:378,0
DA:379,0
DA:382,0
DA:383,0
DA:385,0
DA:386,0
DA:387,0
DA:388,0
DA:394,0
DA:403,0
DA:404,0
DA:406,0
DA:408,0
DA:410,0
DA:412,0
DA:414,0
DA:416,0
DA:418,0
DA:432,0
DA:433,0
DA:436,0
DA:437,0
DA:439,0
DA:440,0
DA:441,0
DA:442,0
DA:444,0
LF:67
LH:0
BRDA:87,0,0,0
BRDA:96,1,0,0
BRDA:96,1,1,0
BRDA:97,2,0,0
BRDA:97,2,1,0
BRDA:98,3,0,0
BRDA:98,3,1,0
BRDA:99,4,0,0
BRDA:99,4,1,0
BRDA:100,5,0,0
BRDA:100,5,1,0
BRDA:101,6,0,0
BRDA:101,6,1,0
BRDA:109,7,0,0
BRDA:109,8,0,0
BRDA:109,8,1,0
BRDA:119,9,0,0
BRDA:119,9,1,0
BRDA:120,10,0,0
BRDA:120,10,1,0
BRDA:121,11,0,0
BRDA:121,11,1,0
BRDA:122,12,0,0
BRDA:122,12,1,0
BRDA:123,13,0,0
BRDA:123,13,1,0
BRDA:124,14,0,0
BRDA:124,14,1,0
BRDA:125,15,0,0
BRDA:125,15,1,0
BRDA:126,16,0,0
BRDA:126,16,1,0
BRDA:140,17,0,0
BRDA:140,17,1,0
BRDA:141,18,0,0
BRDA:141,18,1,0
BRDA:142,19,0,0
BRDA:142,19,1,0
BRDA:143,20,0,0
BRDA:143,20,1,0
BRDA:144,21,0,0
BRDA:144,21,1,0
BRDA:152,22,0,0
BRDA:161,23,0,0
BRDA:161,23,1,0
BRDA:162,24,0,0
BRDA:162,24,1,0
BRDA:163,25,0,0
BRDA:163,25,1,0
BRDA:164,26,0,0
BRDA:164,26,1,0
BRDA:165,27,0,0
BRDA:165,27,1,0
BRDA:166,28,0,0
BRDA:166,28,1,0
BRDA:167,29,0,0
BRDA:167,29,1,0
BRDA:168,30,0,0
BRDA:168,30,1,0
BRDA:169,31,0,0
BRDA:169,31,1,0
BRDA:177,32,0,0
BRDA:177,33,0,0
BRDA:177,33,1,0
BRDA:184,34,0,0
BRDA:184,34,1,0
BRDA:185,35,0,0
BRDA:185,35,1,0
BRDA:186,36,0,0
BRDA:186,36,1,0
BRDA:187,37,0,0
BRDA:187,37,1,0
BRDA:188,38,0,0
BRDA:188,38,1,0
BRDA:189,39,0,0
BRDA:189,39,1,0
BRDA:190,40,0,0
BRDA:190,40,1,0
BRDA:198,41,0,0
BRDA:198,42,0,0
BRDA:198,42,1,0
BRDA:207,43,0,0
BRDA:207,43,1,0
BRDA:208,44,0,0
BRDA:208,44,1,0
BRDA:209,45,0,0
BRDA:209,45,1,0
BRDA:210,46,0,0
BRDA:210,46,1,0
BRDA:211,47,0,0
BRDA:211,47,1,0
BRDA:212,48,0,0
BRDA:212,48,1,0
BRDA:315,49,0,0
BRDA:320,50,0,0
BRDA:349,51,0,0
BRDA:378,52,0,0
BRDA:387,53,0,0
BRDA:387,53,1,0
BRDA:404,54,0,0
BRDA:404,54,1,0
BRDA:404,54,2,0
BRDA:404,54,3,0
BRDA:404,54,4,0
BRDA:404,54,5,0
BRDA:404,54,6,0
BRDA:414,55,0,0
BRDA:414,55,1,0
BRDA:414,56,0,0
BRDA:414,56,1,0
BRDA:432,57,0,0
BRF:111
BRH:0
end_of_record
TN:
SF:src\core\shapes\ShapeCollections.ts
FN:31,(anonymous_0)
FN:92,(anonymous_1)
FN:167,(anonymous_2)
FN:238,(anonymous_3)
FN:276,(anonymous_4)
FN:365,(anonymous_5)
FN:420,(anonymous_6)
FN:487,(anonymous_7)
FN:500,(anonymous_8)
FNF:9
FNH:0
FNDA:0,(anonymous_0)
FNDA:0,(anonymous_1)
FNDA:0,(anonymous_2)
FNDA:0,(anonymous_3)
FNDA:0,(anonymous_4)
FNDA:0,(anonymous_5)
FNDA:0,(anonymous_6)
FNDA:0,(anonymous_7)
FNDA:0,(anonymous_8)
DA:32,0
DA:81,0
DA:93,0
DA:156,0
DA:168,0
DA:227,0
DA:239,0
DA:265,0
DA:277,0
DA:354,0
DA:374,0
DA:377,0
DA:378,0
DA:379,0
DA:391,0
DA:392,0
DA:393,0
DA:404,0
DA:427,0
DA:471,0
DA:488,0
DA:501,0
DA:504,0
DA:507,0
DA:509,0
DA:511,0
DA:514,0
DA:516,0
LF:28
LH:0
BRDA:501,0,0,0
BRDA:501,0,1,0
BRDA:501,0,2,0
BRDA:501,0,3,0
BRDA:501,0,4,0
BRDA:501,0,5,0
BRDA:501,0,6,0
BRDA:501,0,7,0
BRDA:501,0,8,0
BRF:9
BRH:0
end_of_record
TN:
SF:src\core\templates\SvgTemplateEngine.ts
FN:130,(anonymous_0)
FN:157,(anonymous_1)
FN:221,(anonymous_2)
FN:251,(anonymous_3)
FN:267,(anonymous_4)
FN:274,(anonymous_5)
FN:281,(anonymous_6)
FN:284,(anonymous_7)
FN:297,(anonymous_8)
FN:298,(anonymous_9)
FN:299,(anonymous_10)
FN:300,(anonymous_11)
FN:336,(anonymous_12)
FN:343,(anonymous_13)
FN:350,(anonymous_14)
FN:357,(anonymous_15)
FN:372,(anonymous_16)
FN:386,(anonymous_17)
FN:399,(anonymous_18)
FN:424,(anonymous_19)
FN:445,(anonymous_20)
FN:475,(anonymous_21)
FN:503,(anonymous_22)
FN:524,(anonymous_23)
FN:525,(anonymous_24)
FN:528,(anonymous_25)
FN:544,(anonymous_26)
FN:550,(anonymous_27)
FN:553,(anonymous_28)
FN:575,(anonymous_29)
FN:584,(anonymous_30)
FN:600,(anonymous_31)
FN:601,(anonymous_32)
FN:602,(anonymous_33)
FN:617,(anonymous_34)
FNF:35
FNH:0
FNDA:0,(anonymous_0)
FNDA:0,(anonymous_1)
FNDA:0,(anonymous_2)
FNDA:0,(anonymous_3)
FNDA:0,(anonymous_4)
FNDA:0,(anonymous_5)
FNDA:0,(anonymous_6)
FNDA:0,(anonymous_7)
FNDA:0,(anonymous_8)
FNDA:0,(anonymous_9)
FNDA:0,(anonymous_10)
FNDA:0,(anonymous_11)
FNDA:0,(anonymous_12)
FNDA:0,(anonymous_13)
FNDA:0,(anonymous_14)
FNDA:0,(anonymous_15)
FNDA:0,(anonymous_16)
FNDA:0,(anonymous_17)
FNDA:0,(anonymous_18)
FNDA:0,(anonymous_19)
FNDA:0,(anonymous_20)
FNDA:0,(anonymous_21)
FNDA:0,(anonymous_22)
FNDA:0,(anonymous_23)
FNDA:0,(anonymous_24)
FNDA:0,(anonymous_25)
FNDA:0,(anonymous_26)
FNDA:0,(anonymous_27)
FNDA:0,(anonymous_28)
FNDA:0,(anonymous_29)
FNDA:0,(anonymous_30)
FNDA:0,(anonymous_31)
FNDA:0,(anonymous_32)
FNDA:0,(anonymous_33)
FNDA:0,(anonymous_34)
DA:123,0
DA:124,0
DA:125,0
DA:131,0
DA:138,0
DA:139,0
DA:143,0
DA:146,0
DA:149,0
DA:151,0
DA:162,0
DA:164,0
DA:166,0
DA:167,0
DA:168,0
DA:172,0
DA:175,0
DA:178,0
DA:180,0
DA:182,0
DA:185,0
DA:199,0
DA:202,0
DA:204,0
DA:210,0
DA:213,0
DA:214,0
DA:227,0
DA:229,0
DA:245,0
DA:248,0
DA:251,0
DA:252,0
DA:255,0
DA:261,0
DA:268,0
DA:275,0
DA:282,0
DA:284,0
DA:286,0
DA:287,0
DA:291,0
DA:292,0
DA:296,0
DA:297,0
DA:298,0
DA:299,0
DA:300,0
DA:301,0
DA:304,0
DA:305,0
DA:310,0
DA:311,0
DA:315,0
DA:316,0
DA:320,0
DA:321,0
DA:322,0
DA:324,0
DA:325,0
DA:329,0
DA:337,0
DA:344,0
DA:351,0
DA:358,0
DA:360,0
DA:361,0
DA:362,0
DA:366,0
DA:373,0
DA:374,0
DA:377,0
DA:378,0
DA:381,0
DA:382,0
DA:386,0
DA:387,0
DA:388,0
DA:390,0
DA:391,0
DA:400,0
DA:401,0
DA:404,0
DA:405,0
DA:409,0
DA:410,0
DA:411,0
DA:414,0
DA:415,0
DA:425,0
DA:427,0
DA:428,0
DA:432,0
DA:433,0
DA:436,0
DA:438,0
DA:446,0
DA:448,0
DA:450,0
DA:452,0
DA:454,0
DA:456,0
DA:460,0
DA:464,0
DA:466,0
DA:468,0
DA:476,0
DA:477,0
DA:480,0
DA:481,0
DA:484,0
DA:485,0
DA:488,0
DA:489,0
DA:490,0
DA:491,0
DA:495,0
DA:496,0
DA:505,0
DA:508,0
DA:509,0
DA:510,0
DA:511,0
DA:516,0
DA:518,0
DA:525,0
DA:526,0
DA:528,0
DA:529,0
DA:531,0
DA:532,0
DA:533,0
DA:534,0
DA:535,0
DA:536,0
DA:538,0
DA:540,0
DA:544,0
DA:551,0
DA:553,0
DA:554,0
DA:556,0
DA:557,0
DA:565,0
DA:566,0
DA:569,0
DA:576,0
DA:577,0
DA:578,0
DA:585,0
DA:586,0
DA:587,0
DA:588,0
DA:591,0
DA:592,0
DA:601,0
DA:602,0
DA:603,0
DA:604,0
DA:605,0
DA:607,0
DA:611,0
DA:618,0
DA:619,0
DA:620,0
DA:621,0
DA:623,0
LF:167
LH:0
BRDA:138,0,0,0
BRDA:167,1,0,0
BRDA:178,2,0,0
BRDA:178,2,1,0
BRDA:225,3,0,0
BRDA:286,4,0,0
BRDA:286,5,0,0
BRDA:286,5,1,0
BRDA:291,6,0,0
BRDA:291,7,0,0
BRDA:291,7,1,0
BRDA:296,8,0,0
BRDA:296,9,0,0
BRDA:296,9,1,0
BRDA:304,10,0,0
BRDA:310,11,0,0
BRDA:310,12,0,0
BRDA:310,12,1,0
BRDA:315,13,0,0
BRDA:315,14,0,0
BRDA:315,14,1,0
BRDA:320,15,0,0
BRDA:321,16,0,0
BRDA:321,17,0,0
BRDA:321,17,1,0
BRDA:324,18,0,0
BRDA:324,19,0,0
BRDA:324,19,1,0
BRDA:361,20,0,0
BRDA:361,21,0,0
BRDA:361,21,1,0
BRDA:373,22,0,0
BRDA:373,23,0,0
BRDA:373,23,1,0
BRDA:377,24,0,0
BRDA:377,25,0,0
BRDA:377,25,1,0
BRDA:381,26,0,0
BRDA:381,27,0,0
BRDA:381,27,1,0
BRDA:387,28,0,0
BRDA:387,29,0,0
BRDA:387,29,1,0
BRDA:390,30,0,0
BRDA:390,31,0,0
BRDA:390,31,1,0
BRDA:404,32,0,0
BRDA:404,33,0,0
BRDA:404,33,1,0
BRDA:404,33,2,0
BRDA:409,34,0,0
BRDA:409,35,0,0
BRDA:409,35,1,0
BRDA:410,36,0,0
BRDA:414,37,0,0
BRDA:427,38,0,0
BRDA:432,39,0,0
BRDA:446,40,0,0
BRDA:446,40,1,0
BRDA:446,40,2,0
BRDA:446,40,3,0
BRDA:446,40,4,0
BRDA:446,40,5,0
BRDA:446,40,6,0
BRDA:446,40,7,0
BRDA:446,40,8,0
BRDA:450,41,0,0
BRDA:450,41,1,0
BRDA:454,42,0,0
BRDA:454,42,1,0
BRDA:456,43,0,0
BRDA:456,43,1,0
BRDA:456,43,2,0
BRDA:460,44,0,0
BRDA:460,44,1,0
BRDA:460,44,2,0
BRDA:466,45,0,0
BRDA:466,45,1,0
BRDA:466,45,2,0
BRDA:476,46,0,0
BRDA:476,47,0,0
BRDA:476,47,1,0
BRDA:480,48,0,0
BRDA:480,49,0,0
BRDA:480,49,1,0
BRDA:484,50,0,0
BRDA:484,51,0,0
BRDA:484,51,1,0
BRDA:488,52,0,0
BRDA:488,53,0,0
BRDA:488,53,1,0
BRDA:490,54,0,0
BRDA:495,55,0,0
BRDA:495,56,0,0
BRDA:495,56,1,0
BRDA:510,57,0,0
BRDA:526,58,0,0
BRDA:526,58,1,0
BRDA:529,59,0,0
BRDA:529,59,1,0
BRDA:531,60,0,0
BRDA:531,60,1,0
BRDA:533,61,0,0
BRDA:533,62,0,0
BRDA:533,62,1,0
BRDA:556,63,0,0
BRDA:586,64,0,0
BRDA:593,65,0,0
BRDA:593,65,1,0
BRDA:604,66,0,0
BRDA:604,67,0,0
BRDA:604,67,1,0
BRDA:623,68,0,0
BRDA:623,68,1,0
BRDA:623,68,2,0
BRDA:623,68,3,0
BRF:116
BRH:0
end_of_record
TN:
SF:src\core\templates\SvgTemplateFactory.ts
FN:18,(anonymous_0)
FN:25,(anonymous_1)
FN:43,(anonymous_2)
FN:57,(anonymous_3)
FN:130,(anonymous_4)
FN:193,(anonymous_5)
FN:262,(anonymous_6)
FN:329,(anonymous_7)
FN:340,(anonymous_8)
FN:397,(anonymous_9)
FN:468,(anonymous_10)
FN:543,(anonymous_11)
FN:554,(anonymous_12)
FN:621,(anonymous_13)
FN:688,(anonymous_14)
FN:769,(anonymous_15)
FN:777,(anonymous_16)
FN:855,(anonymous_17)
FN:952,(anonymous_18)
FN:960,(anonymous_19)
FN:1042,(anonymous_20)
FNF:21
FNH:0
FNDA:0,(anonymous_0)
FNDA:0,(anonymous_1)
FNDA:0,(anonymous_2)
FNDA:0,(anonymous_3)
FNDA:0,(anonymous_4)
FNDA:0,(anonymous_5)
FNDA:0,(anonymous_6)
FNDA:0,(anonymous_7)
FNDA:0,(anonymous_8)
FNDA:0,(anonymous_9)
FNDA:0,(anonymous_10)
FNDA:0,(anonymous_11)
FNDA:0,(anonymous_12)
FNDA:0,(anonymous_13)
FNDA:0,(anonymous_14)
FNDA:0,(anonymous_15)
FNDA:0,(anonymous_16)
FNDA:0,(anonymous_17)
FNDA:0,(anonymous_18)
FNDA:0,(anonymous_19)
FNDA:0,(anonymous_20)
DA:19,0
DA:26,0
DA:29,0
DA:30,0
DA:31,0
DA:32,0
DA:33,0
DA:35,0
DA:45,0
DA:48,0
DA:51,0
DA:54,0
DA:58,0
DA:131,0
DA:194,0
DA:263,0
DA:331,0
DA:334,0
DA:337,0
DA:341,0
DA:398,0
DA:469,0
DA:545,0
DA:548,0
DA:551,0
DA:555,0
DA:622,0
DA:689,0
DA:771,0
DA:774,0
DA:778,0
DA:856,0
DA:954,0
DA:957,0
DA:961,0
DA:1043,0
LF:36
LH:0
BRF:0
BRH:0
end_of_record
TN:
SF:src\core\validation\DocumentValidator.ts
FN:120,(anonymous_0)
FN:136,(anonymous_1)
FN:152,(anonymous_2)
FN:198,(anonymous_3)
FN:236,(anonymous_4)
FN:244,(anonymous_5)
FN:271,(anonymous_6)
FN:276,(anonymous_7)
FN:319,(anonymous_8)
FN:350,(anonymous_9)
FN:376,(anonymous_10)
FN:383,(anonymous_11)
FN:390,(anonymous_12)
FN:394,(anonymous_13)
FN:443,(anonymous_14)
FN:463,(anonymous_15)
FN:467,(anonymous_16)
FN:479,(anonymous_17)
FN:485,(anonymous_18)
FN:506,(anonymous_19)
FN:516,(anonymous_20)
FN:517,(anonymous_21)
FN:544,(anonymous_22)
FN:551,(anonymous_23)
FN:613,(anonymous_24)
FN:623,(anonymous_25)
FN:635,(anonymous_26)
FNF:27
FNH:0
FNDA:0,(anonymous_0)
FNDA:0,(anonymous_1)
FNDA:0,(anonymous_2)
FNDA:0,(anonymous_3)
FNDA:0,(anonymous_4)
FNDA:0,(anonymous_5)
FNDA:0,(anonymous_6)
FNDA:0,(anonymous_7)
FNDA:0,(anonymous_8)
FNDA:0,(anonymous_9)
FNDA:0,(anonymous_10)
FNDA:0,(anonymous_11)
FNDA:0,(anonymous_12)
FNDA:0,(anonymous_13)
FNDA:0,(anonymous_14)
FNDA:0,(anonymous_15)
FNDA:0,(anonymous_16)
FNDA:0,(anonymous_17)
FNDA:0,(anonymous_18)
FNDA:0,(anonymous_19)
FNDA:0,(anonymous_20)
FNDA:0,(anonymous_21)
FNDA:0,(anonymous_22)
FNDA:0,(anonymous_23)
FNDA:0,(anonymous_24)
FNDA:0,(anonymous_25)
FNDA:0,(anonymous_26)
DA:121,0
DA:137,0
DA:138,0
DA:139,0
DA:140,0
DA:143,0
DA:146,0
DA:149,0
DA:152,0
DA:153,0
DA:160,0
DA:161,0
DA:164,0
DA:165,0
DA:166,0
DA:170,0
DA:171,0
DA:174,0
DA:175,0
DA:178,0
DA:181,0
DA:185,0
DA:200,0
DA:201,0
DA:208,0
DA:209,0
DA:217,0
DA:218,0
DA:227,0
DA:228,0
DA:240,0
DA:241,0
DA:244,0
DA:245,0
DA:246,0
DA:250,0
DA:251,0
DA:252,0
DA:255,0
DA:256,0
DA:257,0
DA:261,0
DA:262,0
DA:266,0
DA:268,0
DA:272,0
DA:273,0
DA:277,0
DA:278,0
DA:287,0
DA:288,0
DA:297,0
DA:298,0
DA:307,0
DA:308,0
DA:309,0
DA:326,0
DA:327,0
DA:328,0
DA:338,0
DA:339,0
DA:340,0
DA:354,0
DA:355,0
DA:358,0
DA:359,0
DA:360,0
DA:362,0
DA:366,0
DA:367,0
DA:380,0
DA:381,0
DA:383,0
DA:384,0
DA:386,0
DA:387,0
DA:389,0
DA:390,0
DA:394,0
DA:396,0
DA:397,0
DA:398,0
DA:401,0
DA:402,0
DA:403,0
DA:408,0
DA:409,0
DA:410,0
DA:415,0
DA:418,0
DA:419,0
DA:420,0
DA:421,0
DA:422,0
DA:423,0
DA:425,0
DA:428,0
DA:444,0
DA:445,0
DA:448,0
DA:454,0
DA:455,0
DA:463,0
DA:464,0
DA:467,0
DA:472,0
DA:473,0
DA:476,0
DA:479,0
DA:486,0
DA:487,0
DA:488,0
DA:489,0
DA:492,0
DA:493,0
DA:495,0
DA:496,0
DA:497,0
DA:500,0
DA:501,0
DA:502,0
DA:506,0
DA:507,0
DA:510,0
DA:511,0
DA:512,0
DA:516,0
DA:517,0
DA:518,0
DA:519,0
DA:520,0
DA:525,0
DA:529,0
DA:530,0
DA:533,0
DA:545,0
DA:546,0
DA:547,0
DA:550,0
DA:551,0
DA:552,0
DA:556,0
DA:557,0
DA:559,0
DA:560,0
DA:562,0
DA:563,0
DA:565,0
DA:566,0
DA:571,0
DA:572,0
DA:577,0
DA:578,0
DA:581,0
DA:582,0
DA:587,0
DA:588,0
DA:591,0
DA:592,0
DA:597,0
DA:598,0
DA:602,0
DA:604,0
DA:614,0
DA:624,0
DA:636,0
LF:166
LH:0
BRDA:120,0,0,0
BRDA:175,1,0,0
BRDA:175,1,1,0
BRDA:178,2,0,0
BRDA:178,2,1,0
BRDA:181,3,0,0
BRDA:181,3,1,0
BRDA:200,4,0,0
BRDA:208,5,0,0
BRDA:208,6,0,0
BRDA:208,6,1,0
BRDA:217,7,0,0
BRDA:217,8,0,0
BRDA:217,8,1,0
BRDA:227,9,0,0
BRDA:227,10,0,0
BRDA:227,10,1,0
BRDA:245,11,0,0
BRDA:250,12,0,0
BRDA:252,13,0,0
BRDA:255,14,0,0
BRDA:257,15,0,0
BRDA:261,16,0,0
BRDA:273,17,0,0
BRDA:273,17,1,0
BRDA:277,18,0,0
BRDA:287,19,0,0
BRDA:297,20,0,0
BRDA:297,21,0,0
BRDA:297,21,1,0
BRDA:308,22,0,0
BRDA:308,23,0,0
BRDA:308,23,1,0
BRDA:327,24,0,0
BRDA:339,25,0,0
BRDA:359,26,0,0
BRDA:359,26,1,0
BRDA:383,27,0,0
BRDA:386,28,0,0
BRDA:386,28,1,0
BRDA:389,29,0,0
BRDA:402,30,0,0
BRDA:409,31,0,0
BRDA:418,32,0,0
BRDA:418,32,1,0
BRDA:418,33,0,0
BRDA:418,33,1,0
BRDA:420,34,0,0
BRDA:420,34,1,0
BRDA:420,35,0,0
BRDA:420,35,1,0
BRDA:422,36,0,0
BRDA:422,36,1,0
BRDA:422,37,0,0
BRDA:422,37,1,0
BRDA:448,38,0,0
BRDA:454,39,0,0
BRDA:463,40,0,0
BRDA:463,41,0,0
BRDA:463,41,1,0
BRDA:463,41,2,0
BRDA:467,42,0,0
BRDA:467,42,1,0
BRDA:467,42,2,0
BRDA:495,43,0,0
BRDA:500,44,0,0
BRDA:507,45,0,0
BRDA:507,45,1,0
BRDA:510,46,0,0
BRDA:518,47,0,0
BRDA:518,47,1,0
BRDA:519,48,0,0
BRDA:529,49,0,0
BRDA:552,50,0,0
BRDA:552,50,1,0
BRDA:552,50,2,0
BRDA:552,50,3,0
BRDA:552,50,4,0
BRDA:552,50,5,0
BRDA:571,51,0,0
BRDA:581,52,0,0
BRDA:591,53,0,0
BRF:82
BRH:0
end_of_record
TN:
SF:src\core\validation\ElementValidators.ts
FN:79,(anonymous_0)
FN:93,(anonymous_1)
FN:107,(anonymous_2)
FN:121,(anonymous_3)
FN:127,(anonymous_4)
FN:149,(anonymous_5)
FN:154,(anonymous_6)
FN:160,(anonymous_7)
FN:191,(anonymous_8)
FN:212,(anonymous_9)
FN:220,(anonymous_10)
FN:242,(anonymous_11)
FN:252,(anonymous_12)
FN:262,(anonymous_13)
FN:269,(anonymous_14)
FN:276,(anonymous_15)
FN:290,(anonymous_16)
FN:312,(anonymous_17)
FN:330,(anonymous_18)
FN:336,(anonymous_19)
FN:354,(anonymous_20)
FN:361,(anonymous_21)
FN:375,(anonymous_22)
FN:396,(anonymous_23)
FN:407,(anonymous_24)
FN:417,(anonymous_25)
FN:424,(anonymous_26)
FN:438,(anonymous_27)
FN:459,(anonymous_28)
FN:477,(anonymous_29)
FN:483,(anonymous_30)
FN:496,(anonymous_31)
FN:503,(anonymous_32)
FN:517,(anonymous_33)
FN:539,(anonymous_34)
FN:549,(anonymous_35)
FN:555,(anonymous_36)
FN:568,(anonymous_37)
FN:582,(anonymous_38)
FN:596,(anonymous_39)
FN:616,(anonymous_40)
FN:626,(anonymous_41)
FN:637,(anonymous_42)
FN:660,(anonymous_43)
FN:664,(anonymous_44)
FN:683,(anonymous_45)
FNF:46
FNH:0
FNDA:0,(anonymous_0)
FNDA:0,(anonymous_1)
FNDA:0,(anonymous_2)
FNDA:0,(anonymous_3)
FNDA:0,(anonymous_4)
FNDA:0,(anonymous_5)
FNDA:0,(anonymous_6)
FNDA:0,(anonymous_7)
FNDA:0,(anonymous_8)
FNDA:0,(anonymous_9)
FNDA:0,(anonymous_10)
FNDA:0,(anonymous_11)
FNDA:0,(anonymous_12)
FNDA:0,(anonymous_13)
FNDA:0,(anonymous_14)
FNDA:0,(anonymous_15)
FNDA:0,(anonymous_16)
FNDA:0,(anonymous_17)
FNDA:0,(anonymous_18)
FNDA:0,(anonymous_19)
FNDA:0,(anonymous_20)
FNDA:0,(anonymous_21)
FNDA:0,(anonymous_22)
FNDA:0,(anonymous_23)
FNDA:0,(anonymous_24)
FNDA:0,(anonymous_25)
FNDA:0,(anonymous_26)
FNDA:0,(anonymous_27)
FNDA:0,(anonymous_28)
FNDA:0,(anonymous_29)
FNDA:0,(anonymous_30)
FNDA:0,(anonymous_31)
FNDA:0,(anonymous_32)
FNDA:0,(anonymous_33)
FNDA:0,(anonymous_34)
FNDA:0,(anonymous_35)
FNDA:0,(anonymous_36)
FNDA:0,(anonymous_37)
FNDA:0,(anonymous_38)
FNDA:0,(anonymous_39)
FNDA:0,(anonymous_40)
FNDA:0,(anonymous_41)
FNDA:0,(anonymous_42)
FNDA:0,(anonymous_43)
FNDA:0,(anonymous_44)
FNDA:0,(anonymous_45)
DA:73,0
DA:74,0
DA:75,0
DA:80,0
DA:86,0
DA:87,0
DA:88,0
DA:90,0
DA:94,0
DA:100,0
DA:101,0
DA:102,0
DA:104,0
DA:108,0
DA:115,0
DA:116,0
DA:118,0
DA:122,0
DA:123,0
DA:124,0
DA:129,0
DA:130,0
DA:134,0
DA:135,0
DA:139,0
DA:140,0
DA:144,0
DA:145,0
DA:151,0
DA:156,0
DA:157,0
DA:161,0
DA:164,0
DA:165,0
DA:168,0
DA:169,0
DA:172,0
DA:173,0
DA:177,0
DA:178,0
DA:182,0
DA:183,0
DA:186,0
DA:187,0
DA:193,0
DA:202,0
DA:203,0
DA:207,0
DA:208,0
DA:209,0
DA:212,0
DA:221,0
DA:223,0
DA:224,0
DA:225,0
DA:228,0
DA:231,0
DA:234,0
DA:235,0
DA:236,0
DA:237,0
DA:239,0
DA:243,0
DA:244,0
DA:245,0
DA:246,0
DA:247,0
DA:248,0
DA:253,0
DA:254,0
DA:257,0
DA:258,0
DA:263,0
DA:264,0
DA:265,0
DA:271,0
DA:272,0
DA:277,0
DA:291,0
DA:293,0
DA:294,0
DA:295,0
DA:298,0
DA:301,0
DA:304,0
DA:305,0
DA:306,0
DA:307,0
DA:309,0
DA:313,0
DA:314,0
DA:315,0
DA:316,0
DA:319,0
DA:320,0
DA:321,0
DA:322,0
DA:325,0
DA:326,0
DA:331,0
DA:332,0
DA:337,0
DA:338,0
DA:339,0
DA:340,0
DA:341,0
DA:345,0
DA:346,0
DA:347,0
DA:348,0
DA:349,0
DA:355,0
DA:356,0
DA:357,0
DA:362,0
DA:376,0
DA:378,0
DA:379,0
DA:380,0
DA:383,0
DA:386,0
DA:389,0
DA:390,0
DA:391,0
DA:393,0
DA:397,0
DA:399,0
DA:400,0
DA:401,0
DA:402,0
DA:408,0
DA:410,0
DA:411,0
DA:412,0
DA:413,0
DA:418,0
DA:419,0
DA:420,0
DA:425,0
DA:439,0
DA:441,0
DA:442,0
DA:443,0
DA:446,0
DA:449,0
DA:452,0
DA:453,0
DA:454,0
DA:456,0
DA:460,0
DA:461,0
DA:462,0
DA:466,0
DA:467,0
DA:468,0
DA:472,0
DA:473,0
DA:479,0
DA:480,0
DA:484,0
DA:485,0
DA:486,0
DA:490,0
DA:491,0
DA:492,0
DA:497,0
DA:498,0
DA:499,0
DA:504,0
DA:518,0
DA:520,0
DA:521,0
DA:522,0
DA:525,0
DA:528,0
DA:531,0
DA:532,0
DA:533,0
DA:534,0
DA:536,0
DA:540,0
DA:541,0
DA:544,0
DA:545,0
DA:550,0
DA:551,0
DA:556,0
DA:557,0
DA:559,0
DA:560,0
DA:563,0
DA:564,0
DA:569,0
DA:572,0
DA:573,0
DA:577,0
DA:578,0
DA:583,0
DA:597,0
DA:599,0
DA:600,0
DA:601,0
DA:604,0
DA:607,0
DA:610,0
DA:611,0
DA:613,0
DA:617,0
DA:618,0
DA:621,0
DA:622,0
DA:628,0
DA:629,0
DA:631,0
DA:632,0
DA:638,0
DA:651,0
DA:661,0
DA:665,0
DA:666,0
DA:667,0
DA:680,0
DA:684,0
LF:223
LH:0
BRDA:86,0,0,0
BRDA:87,1,0,0
BRDA:88,2,0,0
BRDA:100,3,0,0
BRDA:101,4,0,0
BRDA:102,5,0,0
BRDA:115,6,0,0
BRDA:116,7,0,0
BRDA:129,8,0,0
BRDA:129,9,0,0
BRDA:129,9,1,0
BRDA:134,10,0,0
BRDA:134,11,0,0
BRDA:134,11,1,0
BRDA:139,12,0,0
BRDA:139,13,0,0
BRDA:139,13,1,0
BRDA:144,14,0,0
BRDA:164,15,0,0
BRDA:164,16,0,0
BRDA:164,16,1,0
BRDA:164,16,2,0
BRDA:168,17,0,0
BRDA:168,18,0,0
BRDA:168,18,1,0
BRDA:168,18,2,0
BRDA:172,19,0,0
BRDA:172,20,0,0
BRDA:172,20,1,0
BRDA:172,20,2,0
BRDA:177,21,0,0
BRDA:177,22,0,0
BRDA:177,22,1,0
BRDA:182,23,0,0
BRDA:182,24,0,0
BRDA:182,24,1,0
BRDA:186,25,0,0
BRDA:186,26,0,0
BRDA:186,26,1,0
BRDA:202,27,0,0
BRDA:208,28,0,0
BRDA:223,29,0,0
BRDA:243,30,0,0
BRDA:243,30,1,0
BRDA:245,31,0,0
BRDA:245,31,1,0
BRDA:247,32,0,0
BRDA:253,33,0,0
BRDA:253,34,0,0
BRDA:253,34,1,0
BRDA:257,35,0,0
BRDA:257,36,0,0
BRDA:257,36,1,0
BRDA:264,37,0,0
BRDA:264,38,0,0
BRDA:264,38,1,0
BRDA:264,38,2,0
BRDA:271,39,0,0
BRDA:271,40,0,0
BRDA:271,40,1,0
BRDA:293,41,0,0
BRDA:313,42,0,0
BRDA:313,42,1,0
BRDA:315,43,0,0
BRDA:319,44,0,0
BRDA:319,44,1,0
BRDA:321,45,0,0
BRDA:325,46,0,0
BRDA:325,47,0,0
BRDA:325,47,1,0
BRDA:331,48,0,0
BRDA:331,49,0,0
BRDA:331,49,1,0
BRDA:337,50,0,0
BRDA:338,51,0,0
BRDA:338,51,1,0
BRDA:340,52,0,0
BRDA:345,53,0,0
BRDA:346,54,0,0
BRDA:346,54,1,0
BRDA:348,55,0,0
BRDA:356,56,0,0
BRDA:356,57,0,0
BRDA:356,57,1,0
BRDA:356,57,2,0
BRDA:378,58,0,0
BRDA:400,59,0,0
BRDA:410,60,0,0
BRDA:410,60,1,0
BRDA:412,61,0,0
BRDA:419,62,0,0
BRDA:419,63,0,0
BRDA:419,63,1,0
BRDA:441,64,0,0
BRDA:460,65,0,0
BRDA:460,66,0,0
BRDA:460,66,1,0
BRDA:467,67,0,0
BRDA:472,68,0,0
BRDA:484,69,0,0
BRDA:490,70,0,0
BRDA:490,70,1,0
BRDA:491,71,0,0
BRDA:498,72,0,0
BRDA:498,73,0,0
BRDA:498,73,1,0
BRDA:498,73,2,0
BRDA:520,74,0,0
BRDA:540,75,0,0
BRDA:540,76,0,0
BRDA:540,76,1,0
BRDA:544,77,0,0
BRDA:544,78,0,0
BRDA:544,78,1,0
BRDA:550,79,0,0
BRDA:550,80,0,0
BRDA:550,80,1,0
BRDA:557,81,0,0
BRDA:559,82,0,0
BRDA:559,83,0,0
BRDA:559,83,1,0
BRDA:563,84,0,0
BRDA:563,85,0,0
BRDA:563,85,1,0
BRDA:572,86,0,0
BRDA:572,87,0,0
BRDA:572,87,1,0
BRDA:577,88,0,0
BRDA:577,89,0,0
BRDA:577,89,1,0
BRDA:599,90,0,0
BRDA:617,91,0,0
BRDA:617,92,0,0
BRDA:617,92,1,0
BRDA:621,93,0,0
BRDA:621,94,0,0
BRDA:621,94,1,0
BRDA:628,95,0,0
BRDA:631,96,0,0
BRDA:661,97,0,0
BRDA:661,97,1,0
BRDA:666,98,0,0
BRF:142
BRH:0
end_of_record
TN:
SF:src\core\validation\ValidationFactory.ts
FN:123,(anonymous_0)
FN:131,(anonymous_1)
FN:138,(anonymous_2)
FN:148,(anonymous_3)
FN:172,(anonymous_4)
FN:184,(anonymous_5)
FN:217,(anonymous_6)
FN:245,(anonymous_7)
FN:270,(anonymous_8)
FN:290,(anonymous_9)
FN:303,(anonymous_10)
FN:328,(anonymous_11)
FN:382,(anonymous_12)
FN:386,(anonymous_13)
FN:387,(anonymous_14)
FN:391,(anonymous_15)
FN:398,(anonymous_16)
FN:401,(anonymous_17)
FN:424,(anonymous_18)
FN:429,(anonymous_19)
FN:434,(anonymous_20)
FN:439,(anonymous_21)
FN:444,(anonymous_22)
FN:449,(anonymous_23)
FNF:24
FNH:0
FNDA:0,(anonymous_0)
FNDA:0,(anonymous_1)
FNDA:0,(anonymous_2)
FNDA:0,(anonymous_3)
FNDA:0,(anonymous_4)
FNDA:0,(anonymous_5)
FNDA:0,(anonymous_6)
FNDA:0,(anonymous_7)
FNDA:0,(anonymous_8)
FNDA:0,(anonymous_9)
FNDA:0,(anonymous_10)
FNDA:0,(anonymous_11)
FNDA:0,(anonymous_12)
FNDA:0,(anonymous_13)
FNDA:0,(anonymous_14)
FNDA:0,(anonymous_15)
FNDA:0,(anonymous_16)
FNDA:0,(anonymous_17)
FNDA:0,(anonymous_18)
FNDA:0,(anonymous_19)
FNDA:0,(anonymous_20)
FNDA:0,(anonymous_21)
FNDA:0,(anonymous_22)
FNDA:0,(anonymous_23)
DA:64,0
DA:124,0
DA:125,0
DA:132,0
DA:142,0
DA:157,0
DA:160,0
DA:161,0
DA:163,0
DA:164,0
DA:169,0
DA:170,0
DA:172,0
DA:173,0
DA:180,0
DA:181,0
DA:184,0
DA:185,0
DA:192,0
DA:193,0
DA:195,0
DA:201,0
DA:202,0
DA:203,0
DA:206,0
DA:207,0
DA:209,0
DA:210,0
DA:212,0
DA:213,0
DA:217,0
DA:218,0
DA:228,0
DA:230,0
DA:236,0
DA:237,0
DA:239,0
DA:250,0
DA:253,0
DA:254,0
DA:257,0
DA:258,0
DA:262,0
DA:263,0
DA:264,0
DA:269,0
DA:270,0
DA:271,0
DA:272,0
DA:276,0
DA:277,0
DA:280,0
DA:298,0
DA:299,0
DA:303,0
DA:305,0
DA:306,0
DA:308,0
DA:309,0
DA:310,0
DA:311,0
DA:313,0
DA:318,0
DA:323,0
DA:325,0
DA:333,0
DA:334,0
DA:335,0
DA:338,0
DA:339,0
DA:340,0
DA:341,0
DA:342,0
DA:343,0
DA:348,0
DA:349,0
DA:350,0
DA:351,0
DA:352,0
DA:355,0
DA:356,0
DA:358,0
DA:359,0
DA:363,0
DA:366,0
DA:367,0
DA:368,0
DA:369,0
DA:370,0
DA:372,0
DA:375,0
DA:383,0
DA:384,0
DA:386,0
DA:387,0
DA:388,0
DA:392,0
DA:398,0
DA:403,0
DA:405,0
DA:406,0
DA:408,0
DA:410,0
DA:411,0
DA:413,0
DA:420,0
DA:424,0
DA:429,0
DA:434,0
DA:439,0
DA:444,0
DA:450,0
LF:112
LH:0
BRDA:123,0,0,0
BRDA:150,1,0,0
BRDA:153,2,0,0
BRDA:154,3,0,0
BRDA:155,4,0,0
BRDA:160,5,0,0
BRDA:160,5,1,0
BRDA:169,6,0,0
BRDA:192,7,0,0
BRDA:193,8,0,0
BRDA:201,9,0,0
BRDA:206,10,0,0
BRDA:209,11,0,0
BRDA:212,12,0,0
BRDA:236,13,0,0
BRDA:237,14,0,0
BRDA:253,15,0,0
BRDA:257,16,0,0
BRDA:257,17,0,0
BRDA:257,17,1,0
BRDA:262,18,0,0
BRDA:263,19,0,0
BRDA:263,20,0,0
BRDA:263,20,1,0
BRDA:271,21,0,0
BRDA:276,22,0,0
BRDA:283,23,0,0
BRDA:283,23,1,0
BRDA:292,24,0,0
BRDA:305,25,0,0
BRDA:323,26,0,0
BRDA:338,27,0,0
BRDA:348,28,0,0
BRDA:355,29,0,0
BRDA:358,30,0,0
BRDA:367,31,0,0
BRDA:367,31,1,0
BRDA:367,32,0,0
BRDA:367,32,1,0
BRDA:369,33,0,0
BRDA:369,33,1,0
BRDA:386,34,0,0
BRDA:387,35,0,0
BRDA:403,36,0,0
BRDA:403,36,1,0
BRDA:405,37,0,0
BRDA:410,38,0,0
BRF:47
BRH:0
end_of_record
TN:
SF:src\server\SvgMcpServer.ts
FN:41,(anonymous_0)
FN:70,(anonymous_1)
FN:93,(anonymous_2)
FN:185,(anonymous_3)
FN:243,(anonymous_4)
FN:345,(anonymous_5)
FN:404,(anonymous_6)
FN:453,(anonymous_7)
FN:529,(anonymous_8)
FN:568,(anonymous_9)
FN:652,(anonymous_10)
FN:745,(anonymous_11)
FN:802,(anonymous_12)
FN:816,(anonymous_13)
FN:824,(anonymous_14)
FN:854,(anonymous_15)
FN:878,(anonymous_16)
FN:908,(anonymous_17)
FN:960,(anonymous_18)
FN:985,(anonymous_19)
FN:990,(anonymous_20)
FN:1002,(anonymous_21)
FN:1027,(anonymous_22)
FN:1053,(anonymous_23)
FN:1060,(anonymous_24)
FN:1107,(anonymous_25)
FN:1158,(anonymous_26)
FN:1197,(anonymous_27)
FN:1208,(anonymous_28)
FNF:29
FNH:0
FNDA:0,(anonymous_0)
FNDA:0,(anonymous_1)
FNDA:0,(anonymous_2)
FNDA:0,(anonymous_3)
FNDA:0,(anonymous_4)
FNDA:0,(anonymous_5)
FNDA:0,(anonymous_6)
FNDA:0,(anonymous_7)
FNDA:0,(anonymous_8)
FNDA:0,(anonymous_9)
FNDA:0,(anonymous_10)
FNDA:0,(anonymous_11)
FNDA:0,(anonymous_12)
FNDA:0,(anonymous_13)
FNDA:0,(anonymous_14)
FNDA:0,(anonymous_15)
FNDA:0,(anonymous_16)
FNDA:0,(anonymous_17)
FNDA:0,(anonymous_18)
FNDA:0,(anonymous_19)
FNDA:0,(anonymous_20)
FNDA:0,(anonymous_21)
FNDA:0,(anonymous_22)
FNDA:0,(anonymous_23)
FNDA:0,(anonymous_24)
FNDA:0,(anonymous_25)
FNDA:0,(anonymous_26)
FNDA:0,(anonymous_27)
FNDA:0,(anonymous_28)
DA:42,0
DA:47,0
DA:54,0
DA:55,0
DA:56,0
DA:57,0
DA:60,0
DA:62,0
DA:63,0
DA:66,0
DA:67,0
DA:72,0
DA:94,0
DA:96,0
DA:97,0
DA:104,0
DA:118,0
DA:121,0
DA:122,0
DA:128,0
DA:136,0
DA:159,0
DA:161,0
DA:162,0
DA:165,0
DA:171,0
DA:186,0
DA:187,0
DA:188,0
DA:193,0
DA:201,0
DA:203,0
DA:215,0
DA:221,0
DA:228,0
DA:229,0
DA:235,0
DA:244,0
DA:246,0
DA:247,0
DA:251,0
DA:253,0
DA:254,0
DA:256,0
DA:257,0
DA:259,0
DA:260,0
DA:262,0
DA:263,0
DA:265,0
DA:266,0
DA:268,0
DA:269,0
DA:271,0
DA:272,0
DA:274,0
DA:275,0
DA:277,0
DA:278,0
DA:280,0
DA:281,0
DA:283,0
DA:284,0
DA:286,0
DA:287,0
DA:289,0
DA:292,0
DA:298,0
DA:300,0
DA:301,0
DA:303,0
DA:315,0
DA:316,0
DA:317,0
DA:320,0
DA:322,0
DA:330,0
DA:331,0
DA:337,0
DA:346,0
DA:348,0
DA:349,0
DA:351,0
DA:353,0
DA:354,0
DA:357,0
DA:363,0
DA:364,0
DA:376,0
DA:377,0
DA:378,0
DA:381,0
DA:386,0
DA:394,0
DA:395,0
DA:401,0
DA:405,0
DA:423,0
DA:424,0
DA:434,0
DA:454,0
DA:456,0
DA:457,0
DA:460,0
DA:467,0
DA:469,0
DA:477,0
DA:478,0
DA:481,0
DA:482,0
DA:485,0
DA:486,0
DA:494,0
DA:501,0
DA:508,0
DA:509,0
DA:515,0
DA:530,0
DA:532,0
DA:533,0
DA:535,0
DA:537,0
DA:544,0
DA:545,0
DA:551,0
DA:569,0
DA:571,0
DA:572,0
DA:575,0
DA:582,0
DA:584,0
DA:596,0
DA:597,0
DA:598,0
DA:605,0
DA:611,0
DA:618,0
DA:619,0
DA:625,0
DA:653,0
DA:655,0
DA:656,0
DA:659,0
DA:668,0
DA:669,0
DA:671,0
DA:673,0
DA:674,0
DA:676,0
DA:677,0
DA:679,0
DA:683,0
DA:685,0
DA:699,0
DA:706,0
DA:707,0
DA:713,0
DA:746,0
DA:748,0
DA:749,0
DA:752,0
DA:759,0
DA:765,0
DA:777,0
DA:784,0
DA:785,0
DA:793,0
DA:803,0
DA:805,0
DA:806,0
DA:808,0
DA:814,0
DA:815,0
DA:816,0
DA:817,0
DA:821,0
DA:824,0
DA:841,0
DA:842,0
DA:848,0
DA:855,0
DA:857,0
DA:858,0
DA:860,0
DA:861,0
DA:862,0
DA:865,0
DA:878,0
DA:893,0
DA:894,0
DA:900,0
DA:909,0
DA:911,0
DA:912,0
DA:914,0
DA:917,0
DA:918,0
DA:921,0
DA:935,0
DA:936,0
DA:942,0
DA:970,0
DA:972,0
DA:973,0
DA:977,0
DA:984,0
DA:985,0
DA:989,0
DA:990,0
DA:991,0
DA:992,0
DA:1002,0
DA:1003,0
DA:1004,0
DA:1006,0
DA:1007,0
DA:1009,0
DA:1010,0
DA:1012,0
DA:1013,0
DA:1015,0
DA:1016,0
DA:1018,0
DA:1022,0
DA:1024,0
DA:1027,0
DA:1046,0
DA:1047,0
DA:1055,0
DA:1061,0
DA:1092,0
DA:1093,0
DA:1102,0
DA:1108,0
DA:1146,0
DA:1159,0
DA:1161,0
DA:1168,0
DA:1175,0
DA:1183,0
DA:1184,0
DA:1185,0
DA:1193,0
DA:1198,0
DA:1203,0
DA:1205,0
DA:1209,0
DA:1211,0
LF:248
LH:0
BRDA:49,0,0,0
BRDA:49,0,1,0
BRDA:50,1,0,0
BRDA:50,1,1,0
BRDA:51,2,0,0
BRDA:51,2,1,0
BRDA:62,3,0,0
BRDA:94,4,0,0
BRDA:94,5,0,0
BRDA:106,6,0,0
BRDA:106,6,1,0
BRDA:107,7,0,0
BRDA:107,7,1,0
BRDA:108,8,0,0
BRDA:108,8,1,0
BRDA:109,9,0,0
BRDA:109,9,1,0
BRDA:110,10,0,0
BRDA:110,10,1,0
BRDA:111,11,0,0
BRDA:111,11,1,0
BRDA:121,12,0,0
BRDA:161,13,0,0
BRDA:165,14,0,0
BRDA:165,14,1,0
BRDA:195,15,0,0
BRDA:195,15,1,0
BRDA:251,16,0,0
BRDA:251,16,1,0
BRDA:251,16,2,0
BRDA:251,16,3,0
BRDA:251,16,4,0
BRDA:251,16,5,0
BRDA:251,16,6,0
BRDA:251,16,7,0
BRDA:251,16,8,0
BRDA:251,16,9,0
BRDA:271,17,0,0
BRDA:271,18,0,0
BRDA:271,18,1,0
BRDA:271,18,2,0
BRDA:271,18,3,0
BRDA:277,19,0,0
BRDA:277,20,0,0
BRDA:277,20,1,0
BRDA:283,21,0,0
BRDA:283,22,0,0
BRDA:283,22,1,0
BRDA:283,22,2,0
BRDA:283,22,3,0
BRDA:283,22,4,0
BRDA:298,23,0,0
BRDA:331,24,0,0
BRDA:331,24,1,0
BRDA:353,25,0,0
BRDA:363,26,0,0
BRDA:395,27,0,0
BRDA:395,27,1,0
BRDA:462,28,0,0
BRDA:462,28,1,0
BRDA:463,29,0,0
BRDA:463,29,1,0
BRDA:464,30,0,0
BRDA:464,30,1,0
BRDA:473,31,0,0
BRDA:473,31,1,0
BRDA:474,32,0,0
BRDA:474,32,1,0
BRDA:477,33,0,0
BRDA:481,34,0,0
BRDA:485,35,0,0
BRDA:577,36,0,0
BRDA:577,36,1,0
BRDA:578,37,0,0
BRDA:578,37,1,0
BRDA:579,38,0,0
BRDA:579,38,1,0
BRDA:596,39,0,0
BRDA:653,40,0,0
BRDA:661,41,0,0
BRDA:661,41,1,0
BRDA:662,42,0,0
BRDA:662,42,1,0
BRDA:663,43,0,0
BRDA:663,43,1,0
BRDA:668,44,0,0
BRDA:668,44,1,0
BRDA:671,45,0,0
BRDA:671,45,1,0
BRDA:671,45,2,0
BRDA:754,46,0,0
BRDA:754,46,1,0
BRDA:755,47,0,0
BRDA:755,47,1,0
BRDA:756,48,0,0
BRDA:756,48,1,0
BRDA:803,49,0,0
BRDA:803,50,0,0
BRDA:815,51,0,0
BRDA:817,52,0,0
BRDA:817,52,1,0
BRDA:861,53,0,0
BRDA:909,54,0,0
BRDA:909,55,0,0
BRDA:917,56,0,0
BRDA:962,57,0,0
BRDA:963,58,0,0
BRDA:967,59,0,0
BRDA:968,60,0,0
BRDA:969,61,0,0
BRDA:984,62,0,0
BRDA:989,63,0,0
BRDA:993,64,0,0
BRDA:993,64,1,0
BRDA:993,64,2,0
BRDA:993,64,3,0
BRDA:993,64,4,0
BRDA:993,64,5,0
BRDA:993,64,6,0
BRDA:993,64,7,0
BRDA:1004,65,0,0
BRDA:1004,65,1,0
BRDA:1004,65,2,0
BRDA:1004,65,3,0
BRDA:1018,66,0,0
BRDA:1018,66,1,0
BRDA:1159,67,0,0
BRDA:1159,67,1,0
BRDA:1159,67,2,0
BRDA:1159,67,3,0
BRDA:1159,67,4,0
BRDA:1183,68,0,0
BRDA:1183,68,1,0
BRF:133
BRH:0
end_of_record
TN:
SF:src\utils\logger.ts
FN:17,(anonymous_0)
FN:21,(anonymous_1)
FN:32,(anonymous_2)
FN:43,(anonymous_3)
FN:66,(anonymous_4)
FN:70,(anonymous_5)
FN:74,(anonymous_6)
FN:78,(anonymous_7)
FN:82,(anonymous_8)
FN:86,(anonymous_9)
FNF:10
FNH:0
FNDA:0,(anonymous_0)
FNDA:0,(anonymous_1)
FNDA:0,(anonymous_2)
FNDA:0,(anonymous_3)
FNDA:0,(anonymous_4)
FNDA:0,(anonymous_5)
FNDA:0,(anonymous_6)
FNDA:0,(anonymous_7)
FNDA:0,(anonymous_8)
FNDA:0,(anonymous_9)
DA:18,0
DA:22,0
DA:29,0
DA:33,0
DA:34,0
DA:36,0
DA:37,0
DA:40,0
DA:44,0
DA:45,0
DA:48,0
DA:50,0
DA:52,0
DA:53,0
DA:55,0
DA:56,0
DA:58,0
DA:59,0
DA:61,0
DA:62,0
DA:67,0
DA:71,0
DA:75,0
DA:79,0
DA:83,0
DA:87,0
DA:92,0
LF:27
LH:0
BRDA:17,0,0,0
BRDA:36,1,0,0
BRDA:44,2,0,0
BRDA:50,3,0,0
BRDA:50,3,1,0
BRDA:50,3,2,0
BRDA:50,3,3,0
BRDA:93,4,0,0
BRDA:93,4,1,0
BRF:9
BRH:0
end_of_record
