TN:
SF:src\core\SvgDocumentProcessor.ts
FN:43,(anonymous_0)
FN:47,(anonymous_1)
FN:76,(anonymous_2)
FN:94,(anonymous_3)
FN:116,(anonymous_4)
FNF:5
FNH:0
FNDA:0,(anonymous_0)
FNDA:0,(anonymous_1)
FNDA:0,(anonymous_2)
FNDA:0,(anonymous_3)
FNDA:0,(anonymous_4)
DA:44,0
DA:48,0
DA:49,0
DA:50,0
DA:52,0
DA:53,0
DA:62,0
DA:63,0
DA:64,0
DA:65,0
DA:67,0
DA:68,0
DA:72,0
DA:74,0
DA:76,0
DA:84,0
DA:86,0
DA:89,0
DA:90,0
DA:99,0
DA:100,0
DA:102,0
DA:103,0
DA:105,0
DA:106,0
DA:109,0
DA:122,0
LF:27
LH:0
BRDA:56,0,0,0
BRDA:56,0,1,0
BRDA:57,1,0,0
BRDA:57,1,1,0
BRDA:58,2,0,0
BRDA:58,2,1,0
BRDA:59,3,0,0
BRDA:59,3,1,0
BRDA:62,4,0,0
BRDA:67,5,0,0
BRDA:75,6,0,0
BRDA:75,6,1,0
BRDA:75,7,0,0
BRDA:75,7,1,0
BRDA:102,8,0,0
BRDA:105,9,0,0
BRF:16
BRH:0
end_of_record
TN:
SF:src\core\SvgRenderer.ts
FN:27,(anonymous_0)
FN:31,(anonymous_1)
FN:43,(anonymous_2)
FN:76,(anonymous_3)
FN:102,(anonymous_4)
FN:114,(anonymous_5)
FN:123,(anonymous_6)
FN:150,(anonymous_7)
FN:156,(anonymous_8)
FN:166,(anonymous_9)
FN:172,(anonymous_10)
FN:178,(anonymous_11)
FN:185,(anonymous_12)
FN:193,(anonymous_13)
FN:201,(anonymous_14)
FN:235,(anonymous_15)
FN:238,(anonymous_16)
FN:249,(anonymous_17)
FN:271,(anonymous_18)
FN:280,(anonymous_19)
FNF:20
FNH:0
FNDA:0,(anonymous_0)
FNDA:0,(anonymous_1)
FNDA:0,(anonymous_2)
FNDA:0,(anonymous_3)
FNDA:0,(anonymous_4)
FNDA:0,(anonymous_5)
FNDA:0,(anonymous_6)
FNDA:0,(anonymous_7)
FNDA:0,(anonymous_8)
FNDA:0,(anonymous_9)
FNDA:0,(anonymous_10)
FNDA:0,(anonymous_11)
FNDA:0,(anonymous_12)
FNDA:0,(anonymous_13)
FNDA:0,(anonymous_14)
FNDA:0,(anonymous_15)
FNDA:0,(anonymous_16)
FNDA:0,(anonymous_17)
FNDA:0,(anonymous_18)
FNDA:0,(anonymous_19)
DA:18,0
DA:28,0
DA:32,0
DA:48,0
DA:50,0
DA:51,0
DA:54,0
DA:57,0
DA:58,0
DA:61,0
DA:66,0
DA:68,0
DA:69,0
DA:77,0
DA:78,0
DA:79,0
DA:82,0
DA:83,0
DA:84,0
DA:85,0
DA:87,0
DA:90,0
DA:91,0
DA:95,0
DA:96,0
DA:100,0
DA:101,0
DA:102,0
DA:103,0
DA:105,0
DA:109,0
DA:110,0
DA:114,0
DA:115,0
DA:118,0
DA:120,0
DA:124,0
DA:125,0
DA:127,0
DA:128,0
DA:130,0
DA:132,0
DA:134,0
DA:136,0
DA:138,0
DA:140,0
DA:142,0
DA:145,0
DA:146,0
DA:151,0
DA:152,0
DA:153,0
DA:157,0
DA:158,0
DA:160,0
DA:161,0
DA:163,0
DA:167,0
DA:168,0
DA:169,0
DA:173,0
DA:174,0
DA:175,0
DA:179,0
DA:180,0
DA:181,0
DA:182,0
DA:186,0
DA:187,0
DA:188,0
DA:189,0
DA:191,0
DA:193,0
DA:194,0
DA:197,0
DA:198,0
DA:202,0
DA:204,0
DA:205,0
DA:208,0
DA:209,0
DA:212,0
DA:213,0
DA:216,0
DA:217,0
DA:220,0
DA:221,0
DA:225,0
DA:226,0
DA:227,0
DA:228,0
DA:232,0
DA:236,0
DA:238,0
DA:239,0
DA:241,0
DA:242,0
DA:246,0
DA:251,0
DA:254,0
DA:257,0
DA:260,0
DA:262,0
DA:268,0
DA:272,0
DA:281,0
LF:106
LH:0
BRDA:43,0,0,0
BRDA:45,1,0,0
BRDA:46,2,0,0
BRDA:47,3,0,0
BRDA:57,4,0,0
BRDA:70,5,0,0
BRDA:70,5,1,0
BRDA:78,6,0,0
BRDA:78,6,1,0
BRDA:79,7,0,0
BRDA:79,7,1,0
BRDA:79,8,0,0
BRDA:79,8,1,0
BRDA:84,9,0,0
BRDA:84,9,1,0
BRDA:85,10,0,0
BRDA:85,10,1,0
BRDA:90,11,0,0
BRDA:95,12,0,0
BRDA:100,13,0,0
BRDA:100,14,0,0
BRDA:100,14,1,0
BRDA:109,15,0,0
BRDA:125,16,0,0
BRDA:125,16,1,0
BRDA:125,17,0,0
BRDA:125,17,1,0
BRDA:128,18,0,0
BRDA:128,18,1,0
BRDA:128,18,2,0
BRDA:128,18,3,0
BRDA:128,18,4,0
BRDA:128,18,5,0
BRDA:128,18,6,0
BRDA:160,19,0,0
BRDA:161,20,0,0
BRDA:188,21,0,0
BRDA:188,21,1,0
BRDA:204,22,0,0
BRDA:208,23,0,0
BRDA:212,24,0,0
BRDA:216,25,0,0
BRDA:220,26,0,0
BRDA:225,27,0,0
BRDA:227,28,0,0
BRDA:239,29,0,0
BRDA:239,30,0,0
BRDA:239,30,1,0
BRF:48
BRH:0
end_of_record
TN:
SF:src\core\shapes\BasicShapeGenerator.ts
FN:86,(anonymous_0)
FN:108,(anonymous_1)
FN:133,(anonymous_2)
FN:151,(anonymous_3)
FN:176,(anonymous_4)
FN:197,(anonymous_5)
FN:221,(anonymous_6)
FN:235,(anonymous_7)
FN:250,(anonymous_8)
FN:264,(anonymous_9)
FN:278,(anonymous_10)
FN:294,(anonymous_11)
FN:314,(anonymous_12)
FN:326,(anonymous_13)
FN:342,(anonymous_14)
FN:370,(anonymous_15)
FN:402,(anonymous_16)
FN:403,(anonymous_17)
FN:426,(anonymous_18)
FN:436,(anonymous_19)
FN:437,(anonymous_20)
FNF:21
FNH:0
FNDA:0,(anonymous_0)
FNDA:0,(anonymous_1)
FNDA:0,(anonymous_2)
FNDA:0,(anonymous_3)
FNDA:0,(anonymous_4)
FNDA:0,(anonymous_5)
FNDA:0,(anonymous_6)
FNDA:0,(anonymous_7)
FNDA:0,(anonymous_8)
FNDA:0,(anonymous_9)
FNDA:0,(anonymous_10)
FNDA:0,(anonymous_11)
FNDA:0,(anonymous_12)
FNDA:0,(anonymous_13)
FNDA:0,(anonymous_14)
FNDA:0,(anonymous_15)
FNDA:0,(anonymous_16)
FNDA:0,(anonymous_17)
FNDA:0,(anonymous_18)
FNDA:0,(anonymous_19)
FNDA:0,(anonymous_20)
DA:87,0
DA:88,0
DA:91,0
DA:109,0
DA:110,0
DA:113,0
DA:134,0
DA:152,0
DA:153,0
DA:156,0
DA:177,0
DA:178,0
DA:181,0
DA:198,0
DA:199,0
DA:202,0
DA:204,0
DA:222,0
DA:236,0
DA:251,0
DA:265,0
DA:279,0
DA:295,0
DA:302,0
DA:315,0
DA:316,0
DA:319,0
DA:320,0
DA:321,0
DA:324,0
DA:326,0
DA:330,0
DA:349,0
DA:350,0
DA:353,0
DA:354,0
DA:356,0
DA:357,0
DA:358,0
DA:364,0
DA:378,0
DA:379,0
DA:382,0
DA:383,0
DA:385,0
DA:386,0
DA:387,0
DA:388,0
DA:394,0
DA:403,0
DA:404,0
DA:406,0
DA:408,0
DA:410,0
DA:412,0
DA:414,0
DA:416,0
DA:418,0
DA:432,0
DA:433,0
DA:436,0
DA:437,0
DA:439,0
DA:440,0
DA:441,0
DA:442,0
DA:444,0
LF:67
LH:0
BRDA:87,0,0,0
BRDA:96,1,0,0
BRDA:96,1,1,0
BRDA:97,2,0,0
BRDA:97,2,1,0
BRDA:98,3,0,0
BRDA:98,3,1,0
BRDA:99,4,0,0
BRDA:99,4,1,0
BRDA:100,5,0,0
BRDA:100,5,1,0
BRDA:101,6,0,0
BRDA:101,6,1,0
BRDA:109,7,0,0
BRDA:109,8,0,0
BRDA:109,8,1,0
BRDA:119,9,0,0
BRDA:119,9,1,0
BRDA:120,10,0,0
BRDA:120,10,1,0
BRDA:121,11,0,0
BRDA:121,11,1,0
BRDA:122,12,0,0
BRDA:122,12,1,0
BRDA:123,13,0,0
BRDA:123,13,1,0
BRDA:124,14,0,0
BRDA:124,14,1,0
BRDA:125,15,0,0
BRDA:125,15,1,0
BRDA:126,16,0,0
BRDA:126,16,1,0
BRDA:140,17,0,0
BRDA:140,17,1,0
BRDA:141,18,0,0
BRDA:141,18,1,0
BRDA:142,19,0,0
BRDA:142,19,1,0
BRDA:143,20,0,0
BRDA:143,20,1,0
BRDA:144,21,0,0
BRDA:144,21,1,0
BRDA:152,22,0,0
BRDA:161,23,0,0
BRDA:161,23,1,0
BRDA:162,24,0,0
BRDA:162,24,1,0
BRDA:163,25,0,0
BRDA:163,25,1,0
BRDA:164,26,0,0
BRDA:164,26,1,0
BRDA:165,27,0,0
BRDA:165,27,1,0
BRDA:166,28,0,0
BRDA:166,28,1,0
BRDA:167,29,0,0
BRDA:167,29,1,0
BRDA:168,30,0,0
BRDA:168,30,1,0
BRDA:169,31,0,0
BRDA:169,31,1,0
BRDA:177,32,0,0
BRDA:177,33,0,0
BRDA:177,33,1,0
BRDA:184,34,0,0
BRDA:184,34,1,0
BRDA:185,35,0,0
BRDA:185,35,1,0
BRDA:186,36,0,0
BRDA:186,36,1,0
BRDA:187,37,0,0
BRDA:187,37,1,0
BRDA:188,38,0,0
BRDA:188,38,1,0
BRDA:189,39,0,0
BRDA:189,39,1,0
BRDA:190,40,0,0
BRDA:190,40,1,0
BRDA:198,41,0,0
BRDA:198,42,0,0
BRDA:198,42,1,0
BRDA:207,43,0,0
BRDA:207,43,1,0
BRDA:208,44,0,0
BRDA:208,44,1,0
BRDA:209,45,0,0
BRDA:209,45,1,0
BRDA:210,46,0,0
BRDA:210,46,1,0
BRDA:211,47,0,0
BRDA:211,47,1,0
BRDA:212,48,0,0
BRDA:212,48,1,0
BRDA:315,49,0,0
BRDA:320,50,0,0
BRDA:349,51,0,0
BRDA:378,52,0,0
BRDA:387,53,0,0
BRDA:387,53,1,0
BRDA:404,54,0,0
BRDA:404,54,1,0
BRDA:404,54,2,0
BRDA:404,54,3,0
BRDA:404,54,4,0
BRDA:404,54,5,0
BRDA:404,54,6,0
BRDA:414,55,0,0
BRDA:414,55,1,0
BRDA:414,56,0,0
BRDA:414,56,1,0
BRDA:432,57,0,0
BRF:111
BRH:0
end_of_record
TN:
SF:src\core\shapes\ShapeCollections.ts
FN:31,(anonymous_0)
FN:92,(anonymous_1)
FN:167,(anonymous_2)
FN:238,(anonymous_3)
FN:276,(anonymous_4)
FN:365,(anonymous_5)
FN:420,(anonymous_6)
FN:487,(anonymous_7)
FN:500,(anonymous_8)
FNF:9
FNH:0
FNDA:0,(anonymous_0)
FNDA:0,(anonymous_1)
FNDA:0,(anonymous_2)
FNDA:0,(anonymous_3)
FNDA:0,(anonymous_4)
FNDA:0,(anonymous_5)
FNDA:0,(anonymous_6)
FNDA:0,(anonymous_7)
FNDA:0,(anonymous_8)
DA:32,0
DA:81,0
DA:93,0
DA:156,0
DA:168,0
DA:227,0
DA:239,0
DA:265,0
DA:277,0
DA:354,0
DA:374,0
DA:377,0
DA:378,0
DA:379,0
DA:391,0
DA:392,0
DA:393,0
DA:404,0
DA:427,0
DA:471,0
DA:488,0
DA:501,0
DA:504,0
DA:507,0
DA:509,0
DA:511,0
DA:514,0
DA:516,0
LF:28
LH:0
BRDA:501,0,0,0
BRDA:501,0,1,0
BRDA:501,0,2,0
BRDA:501,0,3,0
BRDA:501,0,4,0
BRDA:501,0,5,0
BRDA:501,0,6,0
BRDA:501,0,7,0
BRDA:501,0,8,0
BRF:9
BRH:0
end_of_record
TN:
SF:src\server\SvgMcpServer.ts
FN:29,(anonymous_0)
FN:53,(anonymous_1)
FN:76,(anonymous_2)
FN:168,(anonymous_3)
FN:226,(anonymous_4)
FN:328,(anonymous_5)
FN:387,(anonymous_6)
FN:417,(anonymous_7)
FN:424,(anonymous_8)
FN:471,(anonymous_9)
FN:522,(anonymous_10)
FN:561,(anonymous_11)
FN:572,(anonymous_12)
FNF:13
FNH:0
FNDA:0,(anonymous_0)
FNDA:0,(anonymous_1)
FNDA:0,(anonymous_2)
FNDA:0,(anonymous_3)
FNDA:0,(anonymous_4)
FNDA:0,(anonymous_5)
FNDA:0,(anonymous_6)
FNDA:0,(anonymous_7)
FNDA:0,(anonymous_8)
FNDA:0,(anonymous_9)
FNDA:0,(anonymous_10)
FNDA:0,(anonymous_11)
FNDA:0,(anonymous_12)
DA:30,0
DA:35,0
DA:42,0
DA:43,0
DA:45,0
DA:46,0
DA:49,0
DA:50,0
DA:55,0
DA:77,0
DA:79,0
DA:80,0
DA:87,0
DA:101,0
DA:104,0
DA:105,0
DA:111,0
DA:119,0
DA:142,0
DA:144,0
DA:145,0
DA:148,0
DA:154,0
DA:169,0
DA:170,0
DA:171,0
DA:176,0
DA:184,0
DA:186,0
DA:198,0
DA:204,0
DA:211,0
DA:212,0
DA:218,0
DA:227,0
DA:229,0
DA:230,0
DA:234,0
DA:236,0
DA:237,0
DA:239,0
DA:240,0
DA:242,0
DA:243,0
DA:245,0
DA:246,0
DA:248,0
DA:249,0
DA:251,0
DA:252,0
DA:254,0
DA:255,0
DA:257,0
DA:258,0
DA:260,0
DA:261,0
DA:263,0
DA:264,0
DA:266,0
DA:267,0
DA:269,0
DA:270,0
DA:272,0
DA:275,0
DA:281,0
DA:283,0
DA:284,0
DA:286,0
DA:298,0
DA:299,0
DA:300,0
DA:303,0
DA:305,0
DA:313,0
DA:314,0
DA:320,0
DA:329,0
DA:331,0
DA:332,0
DA:334,0
DA:336,0
DA:337,0
DA:340,0
DA:346,0
DA:347,0
DA:359,0
DA:360,0
DA:361,0
DA:364,0
DA:369,0
DA:377,0
DA:378,0
DA:384,0
DA:388,0
DA:406,0
DA:407,0
DA:419,0
DA:425,0
DA:456,0
DA:457,0
DA:466,0
DA:472,0
DA:510,0
DA:523,0
DA:525,0
DA:532,0
DA:539,0
DA:547,0
DA:548,0
DA:549,0
DA:557,0
DA:562,0
DA:567,0
DA:569,0
DA:573,0
DA:575,0
LF:116
LH:0
BRDA:37,0,0,0
BRDA:37,0,1,0
BRDA:38,1,0,0
BRDA:38,1,1,0
BRDA:39,2,0,0
BRDA:39,2,1,0
BRDA:45,3,0,0
BRDA:77,4,0,0
BRDA:77,5,0,0
BRDA:89,6,0,0
BRDA:89,6,1,0
BRDA:90,7,0,0
BRDA:90,7,1,0
BRDA:91,8,0,0
BRDA:91,8,1,0
BRDA:92,9,0,0
BRDA:92,9,1,0
BRDA:93,10,0,0
BRDA:93,10,1,0
BRDA:94,11,0,0
BRDA:94,11,1,0
BRDA:104,12,0,0
BRDA:144,13,0,0
BRDA:148,14,0,0
BRDA:148,14,1,0
BRDA:178,15,0,0
BRDA:178,15,1,0
BRDA:234,16,0,0
BRDA:234,16,1,0
BRDA:234,16,2,0
BRDA:234,16,3,0
BRDA:234,16,4,0
BRDA:234,16,5,0
BRDA:234,16,6,0
BRDA:234,16,7,0
BRDA:234,16,8,0
BRDA:234,16,9,0
BRDA:254,17,0,0
BRDA:254,18,0,0
BRDA:254,18,1,0
BRDA:254,18,2,0
BRDA:254,18,3,0
BRDA:260,19,0,0
BRDA:260,20,0,0
BRDA:260,20,1,0
BRDA:266,21,0,0
BRDA:266,22,0,0
BRDA:266,22,1,0
BRDA:266,22,2,0
BRDA:266,22,3,0
BRDA:266,22,4,0
BRDA:281,23,0,0
BRDA:314,24,0,0
BRDA:314,24,1,0
BRDA:336,25,0,0
BRDA:346,26,0,0
BRDA:378,27,0,0
BRDA:378,27,1,0
BRDA:523,28,0,0
BRDA:523,28,1,0
BRDA:523,28,2,0
BRDA:523,28,3,0
BRDA:523,28,4,0
BRDA:547,29,0,0
BRDA:547,29,1,0
BRF:65
BRH:0
end_of_record
TN:
SF:src\utils\logger.ts
FN:17,(anonymous_0)
FN:21,(anonymous_1)
FN:32,(anonymous_2)
FN:43,(anonymous_3)
FN:66,(anonymous_4)
FN:70,(anonymous_5)
FN:74,(anonymous_6)
FN:78,(anonymous_7)
FN:82,(anonymous_8)
FN:86,(anonymous_9)
FNF:10
FNH:0
FNDA:0,(anonymous_0)
FNDA:0,(anonymous_1)
FNDA:0,(anonymous_2)
FNDA:0,(anonymous_3)
FNDA:0,(anonymous_4)
FNDA:0,(anonymous_5)
FNDA:0,(anonymous_6)
FNDA:0,(anonymous_7)
FNDA:0,(anonymous_8)
FNDA:0,(anonymous_9)
DA:18,0
DA:22,0
DA:29,0
DA:33,0
DA:34,0
DA:36,0
DA:37,0
DA:40,0
DA:44,0
DA:45,0
DA:48,0
DA:50,0
DA:52,0
DA:53,0
DA:55,0
DA:56,0
DA:58,0
DA:59,0
DA:61,0
DA:62,0
DA:67,0
DA:71,0
DA:75,0
DA:79,0
DA:83,0
DA:87,0
DA:92,0
LF:27
LH:0
BRDA:17,0,0,0
BRDA:36,1,0,0
BRDA:44,2,0,0
BRDA:50,3,0,0
BRDA:50,3,1,0
BRDA:50,3,2,0
BRDA:50,3,3,0
BRDA:93,4,0,0
BRDA:93,4,1,0
BRF:9
BRH:0
end_of_record
